[regx0] Host: ng10201
[regx0] Start: Wed 13 May 2026 02:29:35 PM EDT
[regx0] Run root: /home/syin94/scratch/MEng_Project/runs/training_diffusion_registered_x0_seed42_v1
[regx0] train_diffusion sha256: a320cc647820c071a4abc67918511a1dde78aaafb0130c4f1b76b59de31d0f38
[regx0] dataset sha256: 32eb2ac259b3bb14446d8be56ca0af8f2d392b689cba69a285a9d41876483141

  Train splits: ['train_01', 'train_02', 'train_03', 'train_04', 'train_05', 'train_06', 'train_07', 'train_08']
  Val splits:   ['val_01']
  Test splits:  ['test_01', 'test_02', 'test_03']
  Mask variant: sector75
  Neighbor preprocess: register_layernorm
  Dataset: 7105 samples from 8 splits
  Dataset: 748 samples from 1 splits
  Dataset: 1993 samples from 3 splits
resume checkpoint not found, starting fresh: /home/syin94/scratch/MEng_Project/runs/training_diffusion_registered_x0_seed42_v1/checkpoints/last_diffusion.pth

Diffusion-style training
device=cuda epochs=80 batch=8 seed=42 amp=True sample_steps=25 val_every=5 start_epoch=1 lr=5e-05 min_lr=5e-06 warmup=2 grad_clip=1.0 mask=sector75 neighbor_preprocess=register_layernorm
  epoch 1 step 100/888 loss=1.193525 noise=0.8191 lr=2.75e-05 shared_l1=0.4425 shared_mse=0.3625 shared_occ=33.1528 shared_height=0.4296 empty=0.1917
  epoch 1 step 200/888 loss=1.179659 noise=0.8526 lr=2.75e-05 shared_l1=0.4343 shared_mse=0.3225 shared_occ=28.1570 shared_height=0.4448 empty=0.1516
  epoch 1 step 300/888 loss=1.145284 noise=0.8637 lr=2.75e-05 shared_l1=0.2964 shared_mse=0.1904 shared_occ=15.8723 shared_height=0.3444 empty=0.0884
  epoch 1 step 400/888 loss=1.113554 noise=0.8863 lr=2.75e-05 shared_l1=0.3768 shared_mse=0.2342 shared_occ=17.8816 shared_height=0.4458 empty=0.0976
  epoch 1 step 500/888 loss=1.086241 noise=0.9063 lr=2.75e-05 shared_l1=0.3181 shared_mse=0.1709 shared_occ=12.6800 shared_height=0.3809 empty=0.0711
  epoch 1 step 600/888 loss=1.064663 noise=0.9187 lr=2.75e-05 shared_l1=0.3322 shared_mse=0.1729 shared_occ=11.8666 shared_height=0.4208 empty=0.0694
  epoch 1 step 700/888 loss=1.047441 noise=0.9220 lr=2.75e-05 shared_l1=0.2852 shared_mse=0.1358 shared_occ=9.5960 shared_height=0.3790 empty=0.0531
  epoch 1 step 800/888 loss=1.030881 noise=0.9182 lr=2.75e-05 shared_l1=0.2846 shared_mse=0.1394 shared_occ=9.7211 shared_height=0.3809 empty=0.0545
  epoch 2 step 100/888 loss=0.888822 noise=0.9201 lr=5.00e-05 shared_l1=0.2800 shared_mse=0.1296 shared_occ=8.6736 shared_height=0.3856 empty=0.0494
  epoch 2 step 200/888 loss=0.878696 noise=0.9233 lr=5.00e-05 shared_l1=0.2782 shared_mse=0.1283 shared_occ=8.2118 shared_height=0.3794 empty=0.0478
  epoch 2 step 300/888 loss=0.864999 noise=0.9095 lr=5.00e-05 shared_l1=0.1863 shared_mse=0.0668 shared_occ=4.9968 shared_height=0.3123 empty=0.0289
  epoch 2 step 400/888 loss=0.854342 noise=0.9396 lr=5.00e-05 shared_l1=0.3138 shared_mse=0.1307 shared_occ=7.7026 shared_height=0.4593 empty=0.0433
  epoch 2 step 500/888 loss=0.837398 noise=0.9280 lr=5.00e-05 shared_l1=0.2729 shared_mse=0.1174 shared_occ=7.3313 shared_height=0.4328 empty=0.0400
  epoch 2 step 600/888 loss=0.827020 noise=0.9382 lr=5.00e-05 shared_l1=0.2918 shared_mse=0.1263 shared_occ=7.4455 shared_height=0.4482 empty=0.0391
  epoch 2 step 700/888 loss=0.814720 noise=0.8895 lr=5.00e-05 shared_l1=0.2076 shared_mse=0.0866 shared_occ=5.4929 shared_height=0.3975 empty=0.0308
  epoch 2 step 800/888 loss=0.802900 noise=0.8976 lr=5.00e-05 shared_l1=0.2281 shared_mse=0.0981 shared_occ=5.3523 shared_height=0.4107 empty=0.0294
  epoch 3 step 100/888 loss=0.656475 noise=0.8874 lr=5.00e-05 shared_l1=0.2588 shared_mse=0.1101 shared_occ=4.8533 shared_height=0.4731 empty=0.0269
  epoch 3 step 200/888 loss=0.651052 noise=0.8945 lr=5.00e-05 shared_l1=0.2356 shared_mse=0.1159 shared_occ=5.0536 shared_height=0.4348 empty=0.0266
  epoch 3 step 300/888 loss=0.644696 noise=0.8741 lr=5.00e-05 shared_l1=0.1898 shared_mse=0.0960 shared_occ=3.9008 shared_height=0.4176 empty=0.0208
  epoch 3 step 400/888 loss=0.630350 noise=0.8891 lr=5.00e-05 shared_l1=0.1949 shared_mse=0.0827 shared_occ=3.0825 shared_height=0.4632 empty=0.0157
  epoch 3 step 500/888 loss=0.621595 noise=0.8674 lr=5.00e-05 shared_l1=0.1744 shared_mse=0.0878 shared_occ=3.7273 shared_height=0.4214 empty=0.0191
  epoch 3 step 600/888 loss=0.612364 noise=0.8939 lr=5.00e-05 shared_l1=0.1643 shared_mse=0.0929 shared_occ=3.5132 shared_height=0.4425 empty=0.0184
  epoch 3 step 700/888 loss=0.603738 noise=0.8743 lr=5.00e-05 shared_l1=0.1148 shared_mse=0.0686 shared_occ=2.8849 shared_height=0.4016 empty=0.0157
  epoch 3 step 800/888 loss=0.596290 noise=0.9369 lr=5.00e-05 shared_l1=0.2207 shared_mse=0.1057 shared_occ=3.1313 shared_height=0.4830 empty=0.0142
  epoch 4 step 100/888 loss=0.526369 noise=0.8706 lr=4.99e-05 shared_l1=0.0928 shared_mse=0.0583 shared_occ=1.9928 shared_height=0.3240 empty=0.0106
  epoch 4 step 200/888 loss=0.516602 noise=0.8748 lr=4.99e-05 shared_l1=0.0345 shared_mse=0.0291 shared_occ=1.2902 shared_height=0.2155 empty=0.0080
  epoch 4 step 300/888 loss=0.509141 noise=0.8736 lr=4.99e-05 shared_l1=0.0715 shared_mse=0.0488 shared_occ=1.9033 shared_height=0.3491 empty=0.0107
  epoch 4 step 400/888 loss=0.504759 noise=0.8936 lr=4.99e-05 shared_l1=0.1163 shared_mse=0.0800 shared_occ=2.6894 shared_height=0.4447 empty=0.0133
  epoch 4 step 500/888 loss=0.500817 noise=0.8786 lr=4.99e-05 shared_l1=0.0858 shared_mse=0.0564 shared_occ=2.1923 shared_height=0.3732 empty=0.0122
  epoch 4 step 600/888 loss=0.495427 noise=0.9106 lr=4.99e-05 shared_l1=0.1067 shared_mse=0.0817 shared_occ=2.2339 shared_height=0.4524 empty=0.0107
  epoch 4 step 700/888 loss=0.491649 noise=0.9042 lr=4.99e-05 shared_l1=0.0956 shared_mse=0.0697 shared_occ=2.3075 shared_height=0.4430 empty=0.0115
  epoch 4 step 800/888 loss=0.486066 noise=0.8765 lr=4.99e-05 shared_l1=0.0831 shared_mse=0.0722 shared_occ=2.4678 shared_height=0.4281 empty=0.0127
  epoch 5 step 100/888 loss=0.446198 noise=0.9117 lr=4.98e-05 shared_l1=0.0771 shared_mse=0.0582 shared_occ=1.6436 shared_height=0.4259 empty=0.0076
  epoch 5 step 200/888 loss=0.437977 noise=0.9345 lr=4.98e-05 shared_l1=0.0900 shared_mse=0.0714 shared_occ=1.6772 shared_height=0.4660 empty=0.0067
  epoch 5 step 300/888 loss=0.436862 noise=0.9302 lr=4.98e-05 shared_l1=0.0880 shared_mse=0.0791 shared_occ=1.9790 shared_height=0.4210 empty=0.0090
  epoch 5 step 400/888 loss=0.434511 noise=0.9161 lr=4.98e-05 shared_l1=0.0917 shared_mse=0.0729 shared_occ=1.7371 shared_height=0.4496 empty=0.0071
  epoch 5 step 500/888 loss=0.430528 noise=0.8817 lr=4.98e-05 shared_l1=0.0425 shared_mse=0.0446 shared_occ=1.3349 shared_height=0.3704 empty=0.0069
  epoch 5 step 600/888 loss=0.428070 noise=0.9511 lr=4.98e-05 shared_l1=0.1156 shared_mse=0.0926 shared_occ=2.1569 shared_height=0.4789 empty=0.0088
  epoch 5 step 700/888 loss=0.425887 noise=0.9218 lr=4.98e-05 shared_l1=0.0521 shared_mse=0.0501 shared_occ=1.4184 shared_height=0.3895 empty=0.0067
  epoch 5 step 800/888 loss=0.424559 noise=0.8980 lr=4.98e-05 shared_l1=0.0726 shared_mse=0.0714 shared_occ=2.1685 shared_height=0.4403 empty=0.0107
  epoch 5 done | val IoU=0.0447 prec=0.0447 rec=1.0000 val RMSE=0.906115 fusedPSNR=9.47 predOcc=1.000 emptyFP=1.000
  >>> best checkpoint epoch 5
  epoch 6 step 100/888 loss=0.387574 noise=0.9362 lr=4.97e-05 shared_l1=0.0563 shared_mse=0.0636 shared_occ=1.4347 shared_height=0.4404 empty=0.0056
  epoch 6 step 200/888 loss=0.388606 noise=0.9080 lr=4.97e-05 shared_l1=0.0305 shared_mse=0.0407 shared_occ=1.4307 shared_height=0.3428 empty=0.0077
  epoch 6 step 300/888 loss=0.390215 noise=0.9299 lr=4.97e-05 shared_l1=0.0676 shared_mse=0.0710 shared_occ=1.4734 shared_height=0.4738 empty=0.0054
  epoch 6 step 400/888 loss=0.389103 noise=0.8860 lr=4.97e-05 shared_l1=0.0343 shared_mse=0.0474 shared_occ=1.5074 shared_height=0.3504 empty=0.0082
  epoch 6 step 500/888 loss=0.387526 noise=0.9400 lr=4.97e-05 shared_l1=0.0609 shared_mse=0.0659 shared_occ=1.4801 shared_height=0.4624 empty=0.0052
  epoch 6 step 600/888 loss=0.387057 noise=0.9254 lr=4.97e-05 shared_l1=0.0554 shared_mse=0.0688 shared_occ=1.5855 shared_height=0.4659 empty=0.0064
  epoch 6 step 700/888 loss=0.385293 noise=0.9163 lr=4.97e-05 shared_l1=0.0412 shared_mse=0.0535 shared_occ=1.3840 shared_height=0.4346 empty=0.0061
  epoch 6 step 800/888 loss=0.383349 noise=0.9064 lr=4.97e-05 shared_l1=0.0458 shared_mse=0.0569 shared_occ=1.4919 shared_height=0.4317 empty=0.0069
  epoch 7 step 100/888 loss=0.369722 noise=0.8934 lr=4.95e-05 shared_l1=0.0269 shared_mse=0.0488 shared_occ=1.4335 shared_height=0.3531 empty=0.0076
  epoch 7 step 200/888 loss=0.368515 noise=0.9192 lr=4.95e-05 shared_l1=0.0362 shared_mse=0.0652 shared_occ=1.4389 shared_height=0.4255 empty=0.0063
  epoch 7 step 300/888 loss=0.367346 noise=0.9001 lr=4.95e-05 shared_l1=0.0377 shared_mse=0.0606 shared_occ=1.4785 shared_height=0.4212 empty=0.0067
  epoch 7 step 400/888 loss=0.366437 noise=0.9129 lr=4.95e-05 shared_l1=0.0321 shared_mse=0.0646 shared_occ=1.4351 shared_height=0.4274 empty=0.0062
  epoch 7 step 500/888 loss=0.364849 noise=0.9418 lr=4.95e-05 shared_l1=0.0433 shared_mse=0.0726 shared_occ=1.3676 shared_height=0.4699 empty=0.0046
  epoch 7 step 600/888 loss=0.363398 noise=0.9110 lr=4.95e-05 shared_l1=0.0260 shared_mse=0.0477 shared_occ=1.2104 shared_height=0.3917 empty=0.0056
  epoch 7 step 700/888 loss=0.362151 noise=0.9261 lr=4.95e-05 shared_l1=0.0256 shared_mse=0.0465 shared_occ=1.2449 shared_height=0.4127 empty=0.0053
  epoch 7 step 800/888 loss=0.361474 noise=0.8916 lr=4.95e-05 shared_l1=0.0232 shared_mse=0.0462 shared_occ=1.7145 shared_height=0.3709 empty=0.0094
  epoch 8 step 100/888 loss=0.351224 noise=0.9050 lr=4.93e-05 shared_l1=0.0245 shared_mse=0.0365 shared_occ=1.4579 shared_height=0.3902 empty=0.0075
  epoch 8 step 200/888 loss=0.350398 noise=0.9215 lr=4.93e-05 shared_l1=0.0240 shared_mse=0.0578 shared_occ=1.0879 shared_height=0.4186 empty=0.0043
  epoch 8 step 300/888 loss=0.349254 noise=0.9565 lr=4.93e-05 shared_l1=0.0436 shared_mse=0.0720 shared_occ=1.0616 shared_height=0.4787 empty=0.0028
  epoch 8 step 400/888 loss=0.347890 noise=0.9060 lr=4.93e-05 shared_l1=0.0295 shared_mse=0.0580 shared_occ=1.4852 shared_height=0.4454 empty=0.0067
  epoch 8 step 500/888 loss=0.347471 noise=0.9277 lr=4.93e-05 shared_l1=0.0346 shared_mse=0.0681 shared_occ=1.2017 shared_height=0.4655 empty=0.0035
  epoch 8 step 600/888 loss=0.346490 noise=0.8994 lr=4.93e-05 shared_l1=0.0173 shared_mse=0.0349 shared_occ=1.2842 shared_height=0.2745 empty=0.0078
  epoch 8 step 700/888 loss=0.346484 noise=0.9112 lr=4.93e-05 shared_l1=0.0307 shared_mse=0.0647 shared_occ=1.2357 shared_height=0.4620 empty=0.0042
  epoch 8 step 800/888 loss=0.345841 noise=0.9149 lr=4.93e-05 shared_l1=0.0279 shared_mse=0.0587 shared_occ=1.1302 shared_height=0.4223 empty=0.0039
  epoch 9 step 100/888 loss=0.335826 noise=0.8941 lr=4.91e-05 shared_l1=0.0181 shared_mse=0.0483 shared_occ=1.0589 shared_height=0.3229 empty=0.0052
  epoch 9 step 200/888 loss=0.334588 noise=0.8707 lr=4.91e-05 shared_l1=0.0296 shared_mse=0.0688 shared_occ=1.4473 shared_height=0.4663 empty=0.0060
  epoch 9 step 300/888 loss=0.333459 noise=0.8959 lr=4.91e-05 shared_l1=0.0258 shared_mse=0.0572 shared_occ=1.2037 shared_height=0.4530 empty=0.0042
  epoch 9 step 400/888 loss=0.333028 noise=0.8753 lr=4.91e-05 shared_l1=0.0202 shared_mse=0.0566 shared_occ=1.0604 shared_height=0.3888 empty=0.0045
  epoch 9 step 500/888 loss=0.332135 noise=0.8592 lr=4.91e-05 shared_l1=0.0246 shared_mse=0.0626 shared_occ=1.5351 shared_height=0.4143 empty=0.0072
  epoch 9 step 600/888 loss=0.331052 noise=0.8575 lr=4.91e-05 shared_l1=0.0209 shared_mse=0.0500 shared_occ=1.2412 shared_height=0.3840 empty=0.0059
  epoch 9 step 700/888 loss=0.330271 noise=0.8592 lr=4.91e-05 shared_l1=0.0228 shared_mse=0.0513 shared_occ=1.2935 shared_height=0.4176 empty=0.0056
  epoch 9 step 800/888 loss=0.329604 noise=0.8862 lr=4.91e-05 shared_l1=0.0392 shared_mse=0.0799 shared_occ=1.5314 shared_height=0.4911 empty=0.0048
  epoch 10 step 100/888 loss=0.319848 noise=0.8420 lr=4.88e-05 shared_l1=0.0282 shared_mse=0.0673 shared_occ=1.1269 shared_height=0.4607 empty=0.0031
  epoch 10 step 200/888 loss=0.317739 noise=0.8094 lr=4.88e-05 shared_l1=0.0254 shared_mse=0.0621 shared_occ=1.5709 shared_height=0.4436 empty=0.0068
  epoch 10 step 300/888 loss=0.317677 noise=0.8112 lr=4.88e-05 shared_l1=0.0278 shared_mse=0.0667 shared_occ=1.1576 shared_height=0.4649 empty=0.0038
  epoch 10 step 400/888 loss=0.316415 noise=0.7954 lr=4.88e-05 shared_l1=0.0228 shared_mse=0.0558 shared_occ=1.2941 shared_height=0.4216 empty=0.0058
  epoch 10 step 500/888 loss=0.315687 noise=0.7874 lr=4.88e-05 shared_l1=0.0221 shared_mse=0.0607 shared_occ=1.2711 shared_height=0.4301 empty=0.0054
  epoch 10 step 600/888 loss=0.314090 noise=0.7804 lr=4.88e-05 shared_l1=0.0175 shared_mse=0.0509 shared_occ=1.0155 shared_height=0.4026 empty=0.0039
  epoch 10 step 700/888 loss=0.313089 noise=0.7798 lr=4.88e-05 shared_l1=0.0198 shared_mse=0.0483 shared_occ=1.3456 shared_height=0.4380 empty=0.0058
  epoch 10 step 800/888 loss=0.311939 noise=0.7666 lr=4.88e-05 shared_l1=0.0229 shared_mse=0.0752 shared_occ=1.0469 shared_height=0.4377 empty=0.0030
  epoch 10 done | val IoU=0.0447 prec=0.0447 rec=1.0000 val RMSE=0.906120 fusedPSNR=9.47 predOcc=1.000 emptyFP=1.000
  epoch 11 step 100/888 loss=0.301097 noise=0.7354 lr=4.85e-05 shared_l1=0.0180 shared_mse=0.0471 shared_occ=1.5639 shared_height=0.3663 empty=0.0088
  epoch 11 step 200/888 loss=0.300136 noise=0.7427 lr=4.85e-05 shared_l1=0.0239 shared_mse=0.0715 shared_occ=0.9395 shared_height=0.4661 empty=0.0024
  epoch 11 step 300/888 loss=0.298617 noise=0.7211 lr=4.85e-05 shared_l1=0.0310 shared_mse=0.0879 shared_occ=1.2611 shared_height=0.4888 empty=0.0039
  epoch 11 step 400/888 loss=0.296797 noise=0.7221 lr=4.85e-05 shared_l1=0.0177 shared_mse=0.0403 shared_occ=1.1174 shared_height=0.3283 empty=0.0055
  epoch 11 step 500/888 loss=0.295854 noise=0.7078 lr=4.85e-05 shared_l1=0.0199 shared_mse=0.0571 shared_occ=1.2938 shared_height=0.3901 empty=0.0062
  epoch 11 step 600/888 loss=0.294760 noise=0.7636 lr=4.85e-05 shared_l1=0.0194 shared_mse=0.0519 shared_occ=1.0302 shared_height=0.3923 empty=0.0032
  epoch 11 step 700/888 loss=0.293995 noise=0.6914 lr=4.85e-05 shared_l1=0.0277 shared_mse=0.0862 shared_occ=1.5133 shared_height=0.4832 empty=0.0053
  epoch 11 step 800/888 loss=0.293205 noise=0.6886 lr=4.85e-05 shared_l1=0.0191 shared_mse=0.0579 shared_occ=1.4856 shared_height=0.3493 empty=0.0077
  epoch 12 step 100/888 loss=0.283637 noise=0.6839 lr=4.82e-05 shared_l1=0.0155 shared_mse=0.0402 shared_occ=1.0469 shared_height=0.3796 empty=0.0047
  epoch 12 step 200/888 loss=0.283200 noise=0.6864 lr=4.82e-05 shared_l1=0.0207 shared_mse=0.0551 shared_occ=1.0826 shared_height=0.4422 empty=0.0031
  epoch 12 step 300/888 loss=0.282780 noise=0.6805 lr=4.82e-05 shared_l1=0.0235 shared_mse=0.0717 shared_occ=1.1360 shared_height=0.4656 empty=0.0029
  epoch 12 step 400/888 loss=0.281544 noise=0.6814 lr=4.82e-05 shared_l1=0.0193 shared_mse=0.0647 shared_occ=1.0006 shared_height=0.4318 empty=0.0032
  epoch 12 step 500/888 loss=0.281588 noise=0.6605 lr=4.82e-05 shared_l1=0.0209 shared_mse=0.0634 shared_occ=1.0772 shared_height=0.4520 empty=0.0033
  epoch 12 step 600/888 loss=0.280797 noise=0.6907 lr=4.82e-05 shared_l1=0.0266 shared_mse=0.0790 shared_occ=1.0651 shared_height=0.4971 empty=0.0022
  epoch 12 step 700/888 loss=0.280016 noise=0.6651 lr=4.82e-05 shared_l1=0.0160 shared_mse=0.0571 shared_occ=0.9147 shared_height=0.3883 empty=0.0035
  epoch 12 step 800/888 loss=0.279121 noise=0.6617 lr=4.82e-05 shared_l1=0.0188 shared_mse=0.0618 shared_occ=1.4632 shared_height=0.3995 empty=0.0069
  epoch 13 step 100/888 loss=0.273268 noise=0.6660 lr=4.78e-05 shared_l1=0.0185 shared_mse=0.0572 shared_occ=1.0198 shared_height=0.4483 empty=0.0031
  epoch 13 step 200/888 loss=0.273565 noise=0.6412 lr=4.78e-05 shared_l1=0.0195 shared_mse=0.0547 shared_occ=1.0288 shared_height=0.4169 empty=0.0029
  epoch 13 step 300/888 loss=0.272574 noise=0.6576 lr=4.78e-05 shared_l1=0.0145 shared_mse=0.0455 shared_occ=0.8083 shared_height=0.3721 empty=0.0028
  epoch 13 step 400/888 loss=0.271928 noise=0.6911 lr=4.78e-05 shared_l1=0.0170 shared_mse=0.0528 shared_occ=0.9642 shared_height=0.4021 empty=0.0037
  epoch 13 step 500/888 loss=0.271396 noise=0.6604 lr=4.78e-05 shared_l1=0.0164 shared_mse=0.0490 shared_occ=0.8945 shared_height=0.4271 empty=0.0027
  epoch 13 step 600/888 loss=0.271086 noise=0.6539 lr=4.78e-05 shared_l1=0.0145 shared_mse=0.0405 shared_occ=0.9107 shared_height=0.3693 empty=0.0039
  epoch 13 step 700/888 loss=0.270858 noise=0.6476 lr=4.78e-05 shared_l1=0.0168 shared_mse=0.0434 shared_occ=1.1212 shared_height=0.3804 empty=0.0048
  epoch 13 step 800/888 loss=0.270639 noise=0.5841 lr=4.78e-05 shared_l1=0.0176 shared_mse=0.0502 shared_occ=1.0826 shared_height=0.4038 empty=0.0051
  epoch 14 step 100/888 loss=0.267534 noise=0.6681 lr=4.74e-05 shared_l1=0.0167 shared_mse=0.0596 shared_occ=0.9421 shared_height=0.4639 empty=0.0019
  epoch 14 step 200/888 loss=0.267447 noise=0.6155 lr=4.74e-05 shared_l1=0.0173 shared_mse=0.0531 shared_occ=0.9853 shared_height=0.4184 empty=0.0034
  epoch 14 step 300/888 loss=0.265851 noise=0.6089 lr=4.74e-05 shared_l1=0.0185 shared_mse=0.0561 shared_occ=1.3913 shared_height=0.4040 empty=0.0065
  epoch 14 step 400/888 loss=0.265669 noise=0.6316 lr=4.74e-05 shared_l1=0.0222 shared_mse=0.0731 shared_occ=1.2179 shared_height=0.4781 empty=0.0031
  epoch 14 step 500/888 loss=0.265336 noise=0.6205 lr=4.74e-05 shared_l1=0.0217 shared_mse=0.0717 shared_occ=1.2573 shared_height=0.4809 empty=0.0035
  epoch 14 step 600/888 loss=0.265005 noise=0.6284 lr=4.74e-05 shared_l1=0.0159 shared_mse=0.0517 shared_occ=1.0896 shared_height=0.4246 empty=0.0044
  epoch 14 step 700/888 loss=0.264212 noise=0.6327 lr=4.74e-05 shared_l1=0.0148 shared_mse=0.0447 shared_occ=1.0194 shared_height=0.3748 empty=0.0045
  epoch 14 step 800/888 loss=0.263823 noise=0.6031 lr=4.74e-05 shared_l1=0.0185 shared_mse=0.0526 shared_occ=1.6803 shared_height=0.3876 empty=0.0087
  epoch 15 step 100/888 loss=0.259382 noise=0.6212 lr=4.70e-05 shared_l1=0.0142 shared_mse=0.0342 shared_occ=1.2137 shared_height=0.3022 empty=0.0072
  epoch 15 step 200/888 loss=0.259589 noise=0.6319 lr=4.70e-05 shared_l1=0.0214 shared_mse=0.0738 shared_occ=1.1054 shared_height=0.4941 empty=0.0020
  epoch 15 step 300/888 loss=0.259551 noise=0.6333 lr=4.70e-05 shared_l1=0.0152 shared_mse=0.0456 shared_occ=1.8593 shared_height=0.3640 empty=0.0107
  epoch 15 step 400/888 loss=0.259714 noise=0.6028 lr=4.70e-05 shared_l1=0.0186 shared_mse=0.0611 shared_occ=1.0045 shared_height=0.4422 empty=0.0027
  epoch 15 step 500/888 loss=0.259527 noise=0.5974 lr=4.70e-05 shared_l1=0.0206 shared_mse=0.0713 shared_occ=1.0446 shared_height=0.4969 empty=0.0018
  epoch 15 step 600/888 loss=0.259491 noise=0.6422 lr=4.70e-05 shared_l1=0.0146 shared_mse=0.0499 shared_occ=1.0413 shared_height=0.3912 empty=0.0043
  epoch 15 step 700/888 loss=0.258999 noise=0.5936 lr=4.70e-05 shared_l1=0.0174 shared_mse=0.0557 shared_occ=1.2003 shared_height=0.3934 empty=0.0056
  epoch 15 step 800/888 loss=0.258747 noise=0.6096 lr=4.70e-05 shared_l1=0.0170 shared_mse=0.0563 shared_occ=1.1214 shared_height=0.4406 empty=0.0040
  epoch 15 done | val IoU=0.0447 prec=0.0447 rec=1.0000 val RMSE=0.861060 fusedPSNR=9.92 predOcc=1.000 emptyFP=1.000
  >>> best checkpoint epoch 15
  epoch 16 step 100/888 loss=0.257184 noise=0.5873 lr=4.65e-05 shared_l1=0.0180 shared_mse=0.0594 shared_occ=1.0902 shared_height=0.4570 empty=0.0036
  epoch 16 step 200/888 loss=0.257110 noise=0.6275 lr=4.65e-05 shared_l1=0.0195 shared_mse=0.0669 shared_occ=0.9254 shared_height=0.4803 empty=0.0012
  epoch 16 step 300/888 loss=0.257067 noise=0.5881 lr=4.65e-05 shared_l1=0.0174 shared_mse=0.0550 shared_occ=1.0327 shared_height=0.4217 empty=0.0036
  epoch 16 step 400/888 loss=0.256617 noise=0.6088 lr=4.65e-05 shared_l1=0.0171 shared_mse=0.0577 shared_occ=1.0837 shared_height=0.4307 empty=0.0038
  epoch 16 step 500/888 loss=0.256043 noise=0.5855 lr=4.65e-05 shared_l1=0.0179 shared_mse=0.0634 shared_occ=1.1394 shared_height=0.4593 empty=0.0037
  epoch 16 step 600/888 loss=0.255854 noise=0.6240 lr=4.65e-05 shared_l1=0.0147 shared_mse=0.0435 shared_occ=1.2962 shared_height=0.3528 empty=0.0067
  epoch 16 step 700/888 loss=0.255096 noise=0.6002 lr=4.65e-05 shared_l1=0.0175 shared_mse=0.0508 shared_occ=1.0966 shared_height=0.4336 empty=0.0036
  epoch 16 step 800/888 loss=0.255098 noise=0.6150 lr=4.65e-05 shared_l1=0.0179 shared_mse=0.0672 shared_occ=0.9579 shared_height=0.4924 empty=0.0017
  epoch 17 step 100/888 loss=0.253475 noise=0.5901 lr=4.60e-05 shared_l1=0.0173 shared_mse=0.0553 shared_occ=0.9647 shared_height=0.4347 empty=0.0023
  epoch 17 step 200/888 loss=0.253017 noise=0.5835 lr=4.60e-05 shared_l1=0.0172 shared_mse=0.0569 shared_occ=1.1270 shared_height=0.4369 empty=0.0040
  epoch 17 step 300/888 loss=0.253022 noise=0.6141 lr=4.60e-05 shared_l1=0.0162 shared_mse=0.0531 shared_occ=1.1881 shared_height=0.3905 empty=0.0050
  epoch 17 step 400/888 loss=0.253095 noise=0.5857 lr=4.60e-05 shared_l1=0.0184 shared_mse=0.0641 shared_occ=1.0344 shared_height=0.4664 empty=0.0024
  epoch 17 step 500/888 loss=0.253047 noise=0.6040 lr=4.60e-05 shared_l1=0.0179 shared_mse=0.0716 shared_occ=1.2527 shared_height=0.4888 empty=0.0038
  epoch 17 step 600/888 loss=0.252946 noise=0.5712 lr=4.60e-05 shared_l1=0.0168 shared_mse=0.0583 shared_occ=0.9674 shared_height=0.4480 empty=0.0028
  epoch 17 step 700/888 loss=0.252976 noise=0.5669 lr=4.60e-05 shared_l1=0.0165 shared_mse=0.0438 shared_occ=1.1874 shared_height=0.3801 empty=0.0059
  epoch 17 step 800/888 loss=0.252969 noise=0.5653 lr=4.60e-05 shared_l1=0.0182 shared_mse=0.0689 shared_occ=1.0615 shared_height=0.4707 empty=0.0030
  epoch 18 step 100/888 loss=0.254271 noise=0.6152 lr=4.55e-05 shared_l1=0.0144 shared_mse=0.0475 shared_occ=0.7720 shared_height=0.3831 empty=0.0023
  epoch 18 step 200/888 loss=0.253368 noise=0.6186 lr=4.55e-05 shared_l1=0.0141 shared_mse=0.0361 shared_occ=1.0254 shared_height=0.3229 empty=0.0051
  epoch 18 step 300/888 loss=0.252355 noise=0.5861 lr=4.55e-05 shared_l1=0.0159 shared_mse=0.0488 shared_occ=1.1190 shared_height=0.4025 empty=0.0046
  epoch 18 step 400/888 loss=0.252382 noise=0.5800 lr=4.55e-05 shared_l1=0.0168 shared_mse=0.0547 shared_occ=1.0462 shared_height=0.4283 empty=0.0031
  epoch 18 step 500/888 loss=0.252002 noise=0.5535 lr=4.55e-05 shared_l1=0.0181 shared_mse=0.0615 shared_occ=1.5582 shared_height=0.4638 empty=0.0064
  epoch 18 step 600/888 loss=0.252059 noise=0.6343 lr=4.55e-05 shared_l1=0.0130 shared_mse=0.0388 shared_occ=0.9243 shared_height=0.3477 empty=0.0043
  epoch 18 step 700/888 loss=0.252046 noise=0.5829 lr=4.55e-05 shared_l1=0.0168 shared_mse=0.0609 shared_occ=1.1123 shared_height=0.4573 empty=0.0032
  epoch 18 step 800/888 loss=0.251514 noise=0.6125 lr=4.55e-05 shared_l1=0.0153 shared_mse=0.0438 shared_occ=0.9984 shared_height=0.3498 empty=0.0044
  epoch 19 step 100/888 loss=0.247723 noise=0.5904 lr=4.49e-05 shared_l1=0.0169 shared_mse=0.0593 shared_occ=1.0243 shared_height=0.4678 empty=0.0028
  epoch 19 step 200/888 loss=0.249356 noise=0.5728 lr=4.49e-05 shared_l1=0.0169 shared_mse=0.0662 shared_occ=1.0291 shared_height=0.4775 empty=0.0026
  epoch 19 step 300/888 loss=0.249083 noise=0.6111 lr=4.49e-05 shared_l1=0.0152 shared_mse=0.0456 shared_occ=0.9618 shared_height=0.3415 empty=0.0042
  epoch 19 step 400/888 loss=0.248985 noise=0.5799 lr=4.49e-05 shared_l1=0.0164 shared_mse=0.0599 shared_occ=1.1038 shared_height=0.4290 empty=0.0036
  epoch 19 step 500/888 loss=0.248761 noise=0.5749 lr=4.49e-05 shared_l1=0.0179 shared_mse=0.0608 shared_occ=0.9951 shared_height=0.4566 empty=0.0022
  epoch 19 step 600/888 loss=0.248716 noise=0.6041 lr=4.49e-05 shared_l1=0.0146 shared_mse=0.0491 shared_occ=0.9821 shared_height=0.4014 empty=0.0039
  epoch 19 step 700/888 loss=0.248788 noise=0.5697 lr=4.49e-05 shared_l1=0.0179 shared_mse=0.0661 shared_occ=1.1728 shared_height=0.4960 empty=0.0032
  epoch 19 step 800/888 loss=0.248830 noise=0.5773 lr=4.49e-05 shared_l1=0.0161 shared_mse=0.0507 shared_occ=0.9538 shared_height=0.3618 empty=0.0037
  epoch 20 step 100/888 loss=0.248013 noise=0.5407 lr=4.43e-05 shared_l1=0.0184 shared_mse=0.0657 shared_occ=1.0884 shared_height=0.4685 empty=0.0028
  epoch 20 step 200/888 loss=0.246543 noise=0.5881 lr=4.43e-05 shared_l1=0.0158 shared_mse=0.0432 shared_occ=1.3734 shared_height=0.3651 empty=0.0071
  epoch 20 step 300/888 loss=0.246022 noise=0.5479 lr=4.43e-05 shared_l1=0.0175 shared_mse=0.0621 shared_occ=0.9339 shared_height=0.4739 empty=0.0011
  epoch 20 step 400/888 loss=0.245826 noise=0.5233 lr=4.43e-05 shared_l1=0.0170 shared_mse=0.0647 shared_occ=0.9363 shared_height=0.4727 empty=0.0017
  epoch 20 step 500/888 loss=0.245586 noise=0.5731 lr=4.43e-05 shared_l1=0.0145 shared_mse=0.0439 shared_occ=0.9479 shared_height=0.3533 empty=0.0042
  epoch 20 step 600/888 loss=0.245071 noise=0.5250 lr=4.43e-05 shared_l1=0.0165 shared_mse=0.0482 shared_occ=0.8824 shared_height=0.4384 empty=0.0023
  epoch 20 step 700/888 loss=0.244766 noise=0.5163 lr=4.43e-05 shared_l1=0.0171 shared_mse=0.0624 shared_occ=1.0046 shared_height=0.4583 empty=0.0025
  epoch 20 step 800/888 loss=0.244586 noise=0.5384 lr=4.43e-05 shared_l1=0.0155 shared_mse=0.0470 shared_occ=0.8351 shared_height=0.3910 empty=0.0021
  epoch 20 done | val IoU=0.0447 prec=0.0447 rec=0.9985 val RMSE=0.850750 fusedPSNR=10.02 predOcc=0.999 emptyFP=0.999
  epoch 21 step 100/888 loss=0.240112 noise=0.5402 lr=4.37e-05 shared_l1=0.0155 shared_mse=0.0571 shared_occ=1.1161 shared_height=0.4450 empty=0.0038
  epoch 21 step 200/888 loss=0.241276 noise=0.5335 lr=4.37e-05 shared_l1=0.0172 shared_mse=0.0553 shared_occ=1.3181 shared_height=0.4419 empty=0.0056
  epoch 21 step 300/888 loss=0.240372 noise=0.5313 lr=4.37e-05 shared_l1=0.0149 shared_mse=0.0438 shared_occ=0.8550 shared_height=0.3873 empty=0.0029
  epoch 21 step 400/888 loss=0.239948 noise=0.5434 lr=4.37e-05 shared_l1=0.0141 shared_mse=0.0431 shared_occ=0.8965 shared_height=0.4009 empty=0.0028
  epoch 21 step 500/888 loss=0.239984 noise=0.5355 lr=4.37e-05 shared_l1=0.0142 shared_mse=0.0469 shared_occ=1.2634 shared_height=0.3895 empty=0.0062
  epoch 21 step 600/888 loss=0.240053 noise=0.5038 lr=4.37e-05 shared_l1=0.0177 shared_mse=0.0637 shared_occ=2.0572 shared_height=0.4585 empty=0.0098
  epoch 21 step 700/888 loss=0.240004 noise=0.5163 lr=4.37e-05 shared_l1=0.0138 shared_mse=0.0419 shared_occ=1.0800 shared_height=0.4157 empty=0.0041
  epoch 21 step 800/888 loss=0.239877 noise=0.5160 lr=4.37e-05 shared_l1=0.0146 shared_mse=0.0514 shared_occ=0.8257 shared_height=0.4383 empty=0.0021
  epoch 22 step 100/888 loss=0.239041 noise=0.5126 lr=4.31e-05 shared_l1=0.0164 shared_mse=0.0456 shared_occ=1.3024 shared_height=0.4383 empty=0.0069
  epoch 22 step 200/888 loss=0.239212 noise=0.5308 lr=4.31e-05 shared_l1=0.0159 shared_mse=0.0576 shared_occ=1.0056 shared_height=0.4452 empty=0.0028
  epoch 22 step 300/888 loss=0.239064 noise=0.5063 lr=4.31e-05 shared_l1=0.0166 shared_mse=0.0604 shared_occ=0.8968 shared_height=0.4554 empty=0.0018
  epoch 22 step 400/888 loss=0.238685 noise=0.5303 lr=4.31e-05 shared_l1=0.0134 shared_mse=0.0479 shared_occ=0.9306 shared_height=0.3836 empty=0.0038
  epoch 22 step 500/888 loss=0.238902 noise=0.5546 lr=4.31e-05 shared_l1=0.0139 shared_mse=0.0464 shared_occ=1.1128 shared_height=0.3775 empty=0.0051
  epoch 22 step 600/888 loss=0.238313 noise=0.5191 lr=4.31e-05 shared_l1=0.0149 shared_mse=0.0553 shared_occ=0.9241 shared_height=0.4354 empty=0.0024
  epoch 22 step 700/888 loss=0.238042 noise=0.5294 lr=4.31e-05 shared_l1=0.0143 shared_mse=0.0483 shared_occ=0.9677 shared_height=0.4219 empty=0.0034
  epoch 22 step 800/888 loss=0.237766 noise=0.5284 lr=4.31e-05 shared_l1=0.0140 shared_mse=0.0466 shared_occ=1.0683 shared_height=0.4228 empty=0.0044
  epoch 23 step 100/888 loss=0.236764 noise=0.5859 lr=4.24e-05 shared_l1=0.0126 shared_mse=0.0333 shared_occ=0.8415 shared_height=0.3688 empty=0.0032
  epoch 23 step 200/888 loss=0.236747 noise=0.5099 lr=4.24e-05 shared_l1=0.0160 shared_mse=0.0477 shared_occ=1.0263 shared_height=0.4183 empty=0.0041
  epoch 23 step 300/888 loss=0.236531 noise=0.5061 lr=4.24e-05 shared_l1=0.0154 shared_mse=0.0402 shared_occ=0.9421 shared_height=0.4154 empty=0.0030
  epoch 23 step 400/888 loss=0.236385 noise=0.5054 lr=4.24e-05 shared_l1=0.0195 shared_mse=0.0717 shared_occ=1.2001 shared_height=0.4855 empty=0.0025
  epoch 23 step 500/888 loss=0.236489 noise=0.4874 lr=4.24e-05 shared_l1=0.0175 shared_mse=0.0654 shared_occ=1.1226 shared_height=0.4666 empty=0.0033
  epoch 23 step 600/888 loss=0.236517 noise=0.5661 lr=4.24e-05 shared_l1=0.0150 shared_mse=0.0364 shared_occ=1.3511 shared_height=0.3781 empty=0.0074
  epoch 23 step 700/888 loss=0.236252 noise=0.5141 lr=4.24e-05 shared_l1=0.0153 shared_mse=0.0484 shared_occ=1.1222 shared_height=0.4049 empty=0.0043
  epoch 23 step 800/888 loss=0.236066 noise=0.5023 lr=4.24e-05 shared_l1=0.0178 shared_mse=0.0711 shared_occ=1.1710 shared_height=0.4705 empty=0.0030
  epoch 24 step 100/888 loss=0.233666 noise=0.5098 lr=4.17e-05 shared_l1=0.0147 shared_mse=0.0488 shared_occ=0.8982 shared_height=0.4162 empty=0.0030
  epoch 24 step 200/888 loss=0.233414 noise=0.4991 lr=4.17e-05 shared_l1=0.0174 shared_mse=0.0621 shared_occ=1.1418 shared_height=0.4551 empty=0.0032
  epoch 24 step 300/888 loss=0.233384 noise=0.5146 lr=4.17e-05 shared_l1=0.0145 shared_mse=0.0497 shared_occ=0.9147 shared_height=0.3988 empty=0.0033
  epoch 24 step 400/888 loss=0.233969 noise=0.5108 lr=4.17e-05 shared_l1=0.0153 shared_mse=0.0569 shared_occ=0.9532 shared_height=0.4491 empty=0.0024
  epoch 24 step 500/888 loss=0.233748 noise=0.5275 lr=4.17e-05 shared_l1=0.0134 shared_mse=0.0426 shared_occ=0.9821 shared_height=0.3541 empty=0.0049
  epoch 24 step 600/888 loss=0.233853 noise=0.4777 lr=4.17e-05 shared_l1=0.0148 shared_mse=0.0496 shared_occ=0.8445 shared_height=0.4322 empty=0.0026
  epoch 24 step 700/888 loss=0.233966 noise=0.5328 lr=4.17e-05 shared_l1=0.0146 shared_mse=0.0428 shared_occ=1.0632 shared_height=0.4273 empty=0.0044
  epoch 24 step 800/888 loss=0.233939 noise=0.5174 lr=4.17e-05 shared_l1=0.0148 shared_mse=0.0457 shared_occ=0.8345 shared_height=0.4197 empty=0.0019
  epoch 25 step 100/888 loss=0.232321 noise=0.4759 lr=4.10e-05 shared_l1=0.0160 shared_mse=0.0520 shared_occ=0.8792 shared_height=0.4461 empty=0.0017
  epoch 25 step 200/888 loss=0.232945 noise=0.5102 lr=4.10e-05 shared_l1=0.0156 shared_mse=0.0508 shared_occ=1.0393 shared_height=0.4075 empty=0.0041
  epoch 25 step 300/888 loss=0.233397 noise=0.5223 lr=4.10e-05 shared_l1=0.0130 shared_mse=0.0443 shared_occ=0.6802 shared_height=0.3865 empty=0.0018
  epoch 25 step 400/888 loss=0.233589 noise=0.4778 lr=4.10e-05 shared_l1=0.0165 shared_mse=0.0568 shared_occ=0.9353 shared_height=0.4618 empty=0.0021
  epoch 25 step 500/888 loss=0.233659 noise=0.5080 lr=4.10e-05 shared_l1=0.0155 shared_mse=0.0560 shared_occ=0.8863 shared_height=0.4516 empty=0.0017
  epoch 25 step 600/888 loss=0.233560 noise=0.5309 lr=4.10e-05 shared_l1=0.0144 shared_mse=0.0487 shared_occ=0.9431 shared_height=0.4093 empty=0.0026
  epoch 25 step 700/888 loss=0.233275 noise=0.5864 lr=4.10e-05 shared_l1=0.0134 shared_mse=0.0328 shared_occ=1.4068 shared_height=0.3026 empty=0.0082
  epoch 25 step 800/888 loss=0.233223 noise=0.5517 lr=4.10e-05 shared_l1=0.0130 shared_mse=0.0354 shared_occ=1.1427 shared_height=0.3758 empty=0.0062
  epoch 25 done | val IoU=0.0447 prec=0.0447 rec=0.9928 val RMSE=0.844186 fusedPSNR=10.09 predOcc=0.993 emptyFP=0.993
  epoch 26 step 100/888 loss=0.231528 noise=0.5160 lr=4.03e-05 shared_l1=0.0158 shared_mse=0.0541 shared_occ=1.0237 shared_height=0.3949 empty=0.0035
  epoch 26 step 200/888 loss=0.231913 noise=0.4980 lr=4.03e-05 shared_l1=0.0154 shared_mse=0.0524 shared_occ=0.9569 shared_height=0.4003 empty=0.0027
  epoch 26 step 300/888 loss=0.232184 noise=0.5149 lr=4.03e-05 shared_l1=0.0156 shared_mse=0.0499 shared_occ=1.0110 shared_height=0.4469 empty=0.0029
  epoch 26 step 400/888 loss=0.232486 noise=0.5227 lr=4.03e-05 shared_l1=0.0137 shared_mse=0.0447 shared_occ=0.7206 shared_height=0.3587 empty=0.0024
  epoch 26 step 500/888 loss=0.232402 noise=0.4905 lr=4.03e-05 shared_l1=0.0158 shared_mse=0.0467 shared_occ=0.9198 shared_height=0.4332 empty=0.0026
  epoch 26 step 600/888 loss=0.232307 noise=0.4988 lr=4.03e-05 shared_l1=0.0161 shared_mse=0.0587 shared_occ=0.9690 shared_height=0.4691 empty=0.0021
  epoch 26 step 700/888 loss=0.232368 noise=0.5107 lr=4.03e-05 shared_l1=0.0151 shared_mse=0.0549 shared_occ=0.9143 shared_height=0.4520 empty=0.0025
  epoch 26 step 800/888 loss=0.232345 noise=0.5556 lr=4.03e-05 shared_l1=0.0135 shared_mse=0.0373 shared_occ=1.0805 shared_height=0.3663 empty=0.0051
  epoch 27 step 100/888 loss=0.231840 noise=0.4851 lr=3.95e-05 shared_l1=0.0168 shared_mse=0.0600 shared_occ=1.0136 shared_height=0.4564 empty=0.0024
  epoch 27 step 200/888 loss=0.233059 noise=0.4760 lr=3.95e-05 shared_l1=0.0161 shared_mse=0.0522 shared_occ=1.0179 shared_height=0.4388 empty=0.0027
  epoch 27 step 300/888 loss=0.232483 noise=0.4820 lr=3.95e-05 shared_l1=0.0150 shared_mse=0.0555 shared_occ=0.8341 shared_height=0.4731 empty=0.0013
  epoch 27 step 400/888 loss=0.231978 noise=0.5029 lr=3.95e-05 shared_l1=0.0151 shared_mse=0.0560 shared_occ=1.0206 shared_height=0.4289 empty=0.0033
  epoch 27 step 500/888 loss=0.231873 noise=0.4698 lr=3.95e-05 shared_l1=0.0164 shared_mse=0.0594 shared_occ=0.8693 shared_height=0.4764 empty=0.0012
  epoch 27 step 600/888 loss=0.231825 noise=0.4947 lr=3.95e-05 shared_l1=0.0155 shared_mse=0.0471 shared_occ=1.0085 shared_height=0.4403 empty=0.0027
  epoch 27 step 700/888 loss=0.231557 noise=0.5063 lr=3.95e-05 shared_l1=0.0144 shared_mse=0.0523 shared_occ=0.8275 shared_height=0.4099 empty=0.0022
  epoch 27 step 800/888 loss=0.231444 noise=0.4908 lr=3.95e-05 shared_l1=0.0152 shared_mse=0.0491 shared_occ=0.9486 shared_height=0.4393 empty=0.0037
  epoch 28 step 100/888 loss=0.230301 noise=0.5534 lr=3.87e-05 shared_l1=0.0140 shared_mse=0.0381 shared_occ=1.3419 shared_height=0.3530 empty=0.0070
  epoch 28 step 200/888 loss=0.229914 noise=0.5476 lr=3.87e-05 shared_l1=0.0121 shared_mse=0.0313 shared_occ=0.9153 shared_height=0.3455 empty=0.0045
  epoch 28 step 300/888 loss=0.229714 noise=0.5182 lr=3.87e-05 shared_l1=0.0141 shared_mse=0.0406 shared_occ=0.9994 shared_height=0.3879 empty=0.0043
  epoch 28 step 400/888 loss=0.229906 noise=0.4907 lr=3.87e-05 shared_l1=0.0150 shared_mse=0.0514 shared_occ=1.5628 shared_height=0.4130 empty=0.0079
  epoch 28 step 500/888 loss=0.230266 noise=0.5451 lr=3.87e-05 shared_l1=0.0122 shared_mse=0.0371 shared_occ=0.8681 shared_height=0.3368 empty=0.0035
  epoch 28 step 600/888 loss=0.230262 noise=0.5454 lr=3.87e-05 shared_l1=0.0123 shared_mse=0.0394 shared_occ=1.0193 shared_height=0.3610 empty=0.0049
  epoch 28 step 700/888 loss=0.230394 noise=0.5541 lr=3.87e-05 shared_l1=0.0124 shared_mse=0.0303 shared_occ=0.8460 shared_height=0.3177 empty=0.0034
  epoch 28 step 800/888 loss=0.230209 noise=0.5356 lr=3.87e-05 shared_l1=0.0130 shared_mse=0.0424 shared_occ=0.9453 shared_height=0.3877 empty=0.0042
  epoch 29 step 100/888 loss=0.231061 noise=0.4940 lr=3.80e-05 shared_l1=0.0146 shared_mse=0.0456 shared_occ=0.8932 shared_height=0.3929 empty=0.0033
  epoch 29 step 200/888 loss=0.230085 noise=0.5300 lr=3.80e-05 shared_l1=0.0138 shared_mse=0.0382 shared_occ=0.8604 shared_height=0.3650 empty=0.0031
  epoch 29 step 300/888 loss=0.229754 noise=0.4636 lr=3.80e-05 shared_l1=0.0162 shared_mse=0.0552 shared_occ=0.8633 shared_height=0.4543 empty=0.0014
  epoch 29 step 400/888 loss=0.229647 noise=0.4878 lr=3.80e-05 shared_l1=0.0168 shared_mse=0.0604 shared_occ=1.0629 shared_height=0.4456 empty=0.0031
  epoch 29 step 500/888 loss=0.229728 noise=0.4945 lr=3.80e-05 shared_l1=0.0147 shared_mse=0.0456 shared_occ=0.9758 shared_height=0.4079 empty=0.0038
  epoch 29 step 600/888 loss=0.229724 noise=0.5108 lr=3.80e-05 shared_l1=0.0149 shared_mse=0.0439 shared_occ=1.1123 shared_height=0.4177 empty=0.0059
  epoch 29 step 700/888 loss=0.229815 noise=0.4754 lr=3.80e-05 shared_l1=0.0177 shared_mse=0.0672 shared_occ=1.0640 shared_height=0.4845 empty=0.0018
  epoch 29 step 800/888 loss=0.229710 noise=0.4703 lr=3.80e-05 shared_l1=0.0156 shared_mse=0.0626 shared_occ=0.9973 shared_height=0.4740 empty=0.0023
  epoch 30 step 100/888 loss=0.229784 noise=0.4730 lr=3.71e-05 shared_l1=0.0153 shared_mse=0.0599 shared_occ=0.8365 shared_height=0.4650 empty=0.0014
  epoch 30 step 200/888 loss=0.229215 noise=0.5015 lr=3.71e-05 shared_l1=0.0154 shared_mse=0.0480 shared_occ=1.1069 shared_height=0.4273 empty=0.0038
  epoch 30 step 300/888 loss=0.229277 noise=0.4790 lr=3.71e-05 shared_l1=0.0160 shared_mse=0.0579 shared_occ=0.8622 shared_height=0.4434 empty=0.0020
  epoch 30 step 400/888 loss=0.229016 noise=0.5340 lr=3.71e-05 shared_l1=0.0147 shared_mse=0.0456 shared_occ=1.0709 shared_height=0.4173 empty=0.0042
  epoch 30 step 500/888 loss=0.229143 noise=0.5048 lr=3.71e-05 shared_l1=0.0150 shared_mse=0.0463 shared_occ=0.9904 shared_height=0.4301 empty=0.0033
  epoch 30 step 600/888 loss=0.229271 noise=0.5036 lr=3.71e-05 shared_l1=0.0143 shared_mse=0.0505 shared_occ=0.9247 shared_height=0.4237 empty=0.0025
  epoch 30 step 700/888 loss=0.229425 noise=0.5027 lr=3.71e-05 shared_l1=0.0137 shared_mse=0.0467 shared_occ=1.1044 shared_height=0.4081 empty=0.0047
  epoch 30 step 800/888 loss=0.229298 noise=0.4694 lr=3.71e-05 shared_l1=0.0169 shared_mse=0.0577 shared_occ=0.9419 shared_height=0.4651 empty=0.0013
  epoch 30 done | val IoU=0.0447 prec=0.0447 rec=0.9971 val RMSE=0.806104 fusedPSNR=10.49 predOcc=0.997 emptyFP=0.997
  epoch 31 step 100/888 loss=0.229224 noise=0.4622 lr=3.63e-05 shared_l1=0.0156 shared_mse=0.0510 shared_occ=0.8885 shared_height=0.4552 empty=0.0020
  epoch 31 step 200/888 loss=0.228864 noise=0.5198 lr=3.63e-05 shared_l1=0.0129 shared_mse=0.0412 shared_occ=0.9866 shared_height=0.3915 empty=0.0043
  epoch 31 step 300/888 loss=0.229031 noise=0.5198 lr=3.63e-05 shared_l1=0.0133 shared_mse=0.0429 shared_occ=0.9833 shared_height=0.3798 empty=0.0038
  epoch 31 step 400/888 loss=0.229210 noise=0.5041 lr=3.63e-05 shared_l1=0.0143 shared_mse=0.0389 shared_occ=0.9793 shared_height=0.4044 empty=0.0033
  epoch 31 step 500/888 loss=0.229481 noise=0.5473 lr=3.63e-05 shared_l1=0.0138 shared_mse=0.0375 shared_occ=0.9023 shared_height=0.3800 empty=0.0037
  epoch 31 step 600/888 loss=0.229504 noise=0.4838 lr=3.63e-05 shared_l1=0.0162 shared_mse=0.0532 shared_occ=0.9742 shared_height=0.4481 empty=0.0028
  epoch 31 step 700/888 loss=0.229216 noise=0.4719 lr=3.63e-05 shared_l1=0.0170 shared_mse=0.0531 shared_occ=0.9904 shared_height=0.4165 empty=0.0018
  epoch 31 step 800/888 loss=0.229262 noise=0.4968 lr=3.63e-05 shared_l1=0.0143 shared_mse=0.0496 shared_occ=0.8413 shared_height=0.3816 empty=0.0026
  epoch 32 step 100/888 loss=0.229371 noise=0.4654 lr=3.55e-05 shared_l1=0.0173 shared_mse=0.0639 shared_occ=1.0210 shared_height=0.4805 empty=0.0014
  epoch 32 step 200/888 loss=0.228820 noise=0.5456 lr=3.55e-05 shared_l1=0.0135 shared_mse=0.0423 shared_occ=0.8998 shared_height=0.3470 empty=0.0031
  epoch 32 step 300/888 loss=0.228718 noise=0.5061 lr=3.55e-05 shared_l1=0.0134 shared_mse=0.0392 shared_occ=0.8978 shared_height=0.3913 empty=0.0032
  epoch 32 step 400/888 loss=0.229116 noise=0.4946 lr=3.55e-05 shared_l1=0.0151 shared_mse=0.0449 shared_occ=1.0178 shared_height=0.4273 empty=0.0035
  epoch 32 step 500/888 loss=0.229052 noise=0.4865 lr=3.55e-05 shared_l1=0.0155 shared_mse=0.0530 shared_occ=0.9313 shared_height=0.4522 empty=0.0026
  epoch 32 step 600/888 loss=0.228627 noise=0.4992 lr=3.55e-05 shared_l1=0.0149 shared_mse=0.0486 shared_occ=0.9464 shared_height=0.4006 empty=0.0033
  epoch 32 step 700/888 loss=0.228530 noise=0.4916 lr=3.55e-05 shared_l1=0.0145 shared_mse=0.0457 shared_occ=0.9233 shared_height=0.4345 empty=0.0035
  epoch 32 step 800/888 loss=0.228324 noise=0.5035 lr=3.55e-05 shared_l1=0.0141 shared_mse=0.0543 shared_occ=0.9041 shared_height=0.4079 empty=0.0025
  epoch 33 step 100/888 loss=0.226040 noise=0.4897 lr=3.46e-05 shared_l1=0.0144 shared_mse=0.0478 shared_occ=0.9021 shared_height=0.3996 empty=0.0024
  epoch 33 step 200/888 loss=0.227042 noise=0.5196 lr=3.46e-05 shared_l1=0.0130 shared_mse=0.0360 shared_occ=0.8586 shared_height=0.3365 empty=0.0043
  epoch 33 step 300/888 loss=0.227206 noise=0.5253 lr=3.46e-05 shared_l1=0.0133 shared_mse=0.0389 shared_occ=0.8711 shared_height=0.3883 empty=0.0030
  epoch 33 step 400/888 loss=0.227520 noise=0.4894 lr=3.46e-05 shared_l1=0.0165 shared_mse=0.0551 shared_occ=1.0157 shared_height=0.4384 empty=0.0028
  epoch 33 step 500/888 loss=0.227357 noise=0.4867 lr=3.46e-05 shared_l1=0.0146 shared_mse=0.0501 shared_occ=0.9465 shared_height=0.4464 empty=0.0026
  epoch 33 step 600/888 loss=0.227657 noise=0.4642 lr=3.46e-05 shared_l1=0.0163 shared_mse=0.0542 shared_occ=0.9438 shared_height=0.4572 empty=0.0018
  epoch 33 step 700/888 loss=0.227857 noise=0.4711 lr=3.46e-05 shared_l1=0.0148 shared_mse=0.0510 shared_occ=0.8638 shared_height=0.4347 empty=0.0021
  epoch 33 step 800/888 loss=0.227784 noise=0.4566 lr=3.46e-05 shared_l1=0.0159 shared_mse=0.0491 shared_occ=0.9915 shared_height=0.4357 empty=0.0023
  epoch 34 step 100/888 loss=0.228803 noise=0.4594 lr=3.38e-05 shared_l1=0.0166 shared_mse=0.0584 shared_occ=1.2948 shared_height=0.4478 empty=0.0044
  epoch 34 step 200/888 loss=0.227579 noise=0.5257 lr=3.38e-05 shared_l1=0.0128 shared_mse=0.0412 shared_occ=0.8205 shared_height=0.3718 empty=0.0028
  epoch 34 step 300/888 loss=0.227028 noise=0.5082 lr=3.38e-05 shared_l1=0.0140 shared_mse=0.0516 shared_occ=0.7713 shared_height=0.4122 empty=0.0015
  epoch 34 step 400/888 loss=0.227379 noise=0.5339 lr=3.38e-05 shared_l1=0.0141 shared_mse=0.0396 shared_occ=0.9852 shared_height=0.3377 empty=0.0044
  epoch 34 step 500/888 loss=0.227622 noise=0.4650 lr=3.38e-05 shared_l1=0.0158 shared_mse=0.0513 shared_occ=0.9903 shared_height=0.4208 empty=0.0025
  epoch 34 step 600/888 loss=0.227521 noise=0.4589 lr=3.38e-05 shared_l1=0.0156 shared_mse=0.0510 shared_occ=0.9542 shared_height=0.4701 empty=0.0019
  epoch 34 step 700/888 loss=0.227464 noise=0.4898 lr=3.38e-05 shared_l1=0.0143 shared_mse=0.0480 shared_occ=0.8784 shared_height=0.4314 empty=0.0027
  epoch 34 step 800/888 loss=0.227528 noise=0.4793 lr=3.38e-05 shared_l1=0.0177 shared_mse=0.0609 shared_occ=1.0272 shared_height=0.4799 empty=0.0021
  epoch 35 step 100/888 loss=0.227954 noise=0.5100 lr=3.29e-05 shared_l1=0.0130 shared_mse=0.0381 shared_occ=1.1267 shared_height=0.3703 empty=0.0056
  epoch 35 step 200/888 loss=0.227275 noise=0.4731 lr=3.29e-05 shared_l1=0.0156 shared_mse=0.0428 shared_occ=1.0524 shared_height=0.4317 empty=0.0042
  epoch 35 step 300/888 loss=0.227270 noise=0.4733 lr=3.29e-05 shared_l1=0.0158 shared_mse=0.0555 shared_occ=0.9587 shared_height=0.4581 empty=0.0026
  epoch 35 step 400/888 loss=0.226849 noise=0.5112 lr=3.29e-05 shared_l1=0.0148 shared_mse=0.0494 shared_occ=0.8327 shared_height=0.3885 empty=0.0026
  epoch 35 step 500/888 loss=0.227107 noise=0.4608 lr=3.29e-05 shared_l1=0.0154 shared_mse=0.0570 shared_occ=0.8908 shared_height=0.4448 empty=0.0018
  epoch 35 step 600/888 loss=0.227072 noise=0.5049 lr=3.29e-05 shared_l1=0.0133 shared_mse=0.0544 shared_occ=0.7007 shared_height=0.4161 empty=0.0011
  epoch 35 step 700/888 loss=0.227011 noise=0.4801 lr=3.29e-05 shared_l1=0.0142 shared_mse=0.0447 shared_occ=0.9105 shared_height=0.4351 empty=0.0030
  epoch 35 step 800/888 loss=0.227268 noise=0.4953 lr=3.29e-05 shared_l1=0.0140 shared_mse=0.0413 shared_occ=0.9454 shared_height=0.3996 empty=0.0037
  epoch 35 done | val IoU=0.0446 prec=0.0447 rec=0.9927 val RMSE=0.795292 fusedPSNR=10.61 predOcc=0.993 emptyFP=0.993
  epoch 36 step 100/888 loss=0.226530 noise=0.5104 lr=3.20e-05 shared_l1=0.0132 shared_mse=0.0436 shared_occ=0.8611 shared_height=0.4092 empty=0.0028
  epoch 36 step 200/888 loss=0.226924 noise=0.4525 lr=3.20e-05 shared_l1=0.0163 shared_mse=0.0518 shared_occ=0.8626 shared_height=0.4391 empty=0.0011
  epoch 36 step 300/888 loss=0.226747 noise=0.5024 lr=3.20e-05 shared_l1=0.0152 shared_mse=0.0377 shared_occ=1.0104 shared_height=0.3729 empty=0.0046
  epoch 36 step 400/888 loss=0.226204 noise=0.4541 lr=3.20e-05 shared_l1=0.0163 shared_mse=0.0581 shared_occ=0.9378 shared_height=0.4738 empty=0.0014
  epoch 36 step 500/888 loss=0.226248 noise=0.5091 lr=3.20e-05 shared_l1=0.0140 shared_mse=0.0403 shared_occ=0.7878 shared_height=0.3858 empty=0.0020
  epoch 36 step 600/888 loss=0.226188 noise=0.4612 lr=3.20e-05 shared_l1=0.0157 shared_mse=0.0530 shared_occ=0.9074 shared_height=0.4460 empty=0.0025
  epoch 36 step 700/888 loss=0.226116 noise=0.4635 lr=3.20e-05 shared_l1=0.0165 shared_mse=0.0563 shared_occ=0.9641 shared_height=0.4484 empty=0.0022
  epoch 36 step 800/888 loss=0.226333 noise=0.5466 lr=3.20e-05 shared_l1=0.0120 shared_mse=0.0418 shared_occ=0.9021 shared_height=0.3679 empty=0.0041
  epoch 37 step 100/888 loss=0.226365 noise=0.4944 lr=3.11e-05 shared_l1=0.0145 shared_mse=0.0460 shared_occ=1.0568 shared_height=0.4022 empty=0.0041
  epoch 37 step 200/888 loss=0.226004 noise=0.4798 lr=3.11e-05 shared_l1=0.0155 shared_mse=0.0581 shared_occ=0.8861 shared_height=0.4481 empty=0.0021
  epoch 37 step 300/888 loss=0.226493 noise=0.5091 lr=3.11e-05 shared_l1=0.0139 shared_mse=0.0391 shared_occ=0.9528 shared_height=0.3870 empty=0.0042
  epoch 37 step 400/888 loss=0.226597 noise=0.5465 lr=3.11e-05 shared_l1=0.0118 shared_mse=0.0360 shared_occ=0.7496 shared_height=0.2996 empty=0.0027
  epoch 37 step 500/888 loss=0.226450 noise=0.5106 lr=3.11e-05 shared_l1=0.0130 shared_mse=0.0357 shared_occ=0.8669 shared_height=0.3592 empty=0.0035
  epoch 37 step 600/888 loss=0.226362 noise=0.4642 lr=3.11e-05 shared_l1=0.0147 shared_mse=0.0566 shared_occ=0.8438 shared_height=0.4675 empty=0.0013
  epoch 37 step 700/888 loss=0.226416 noise=0.4766 lr=3.11e-05 shared_l1=0.0162 shared_mse=0.0576 shared_occ=0.9816 shared_height=0.4632 empty=0.0022
  epoch 37 step 800/888 loss=0.226398 noise=0.4522 lr=3.11e-05 shared_l1=0.0169 shared_mse=0.0580 shared_occ=0.9606 shared_height=0.4289 empty=0.0023
  epoch 38 step 100/888 loss=0.226598 noise=0.4727 lr=3.02e-05 shared_l1=0.0155 shared_mse=0.0525 shared_occ=0.8717 shared_height=0.4534 empty=0.0022
  epoch 38 step 200/888 loss=0.226132 noise=0.5032 lr=3.02e-05 shared_l1=0.0140 shared_mse=0.0442 shared_occ=1.0607 shared_height=0.3715 empty=0.0044
  epoch 38 step 300/888 loss=0.226043 noise=0.4716 lr=3.02e-05 shared_l1=0.0148 shared_mse=0.0597 shared_occ=0.8488 shared_height=0.4695 empty=0.0015
  epoch 38 step 400/888 loss=0.226016 noise=0.4834 lr=3.02e-05 shared_l1=0.0147 shared_mse=0.0468 shared_occ=0.9502 shared_height=0.4141 empty=0.0027
  epoch 38 step 500/888 loss=0.226075 noise=0.5151 lr=3.02e-05 shared_l1=0.0133 shared_mse=0.0394 shared_occ=0.9632 shared_height=0.3484 empty=0.0042
  epoch 38 step 600/888 loss=0.226153 noise=0.4801 lr=3.02e-05 shared_l1=0.0151 shared_mse=0.0487 shared_occ=0.9181 shared_height=0.4508 empty=0.0022
  epoch 38 step 700/888 loss=0.225960 noise=0.4894 lr=3.02e-05 shared_l1=0.0151 shared_mse=0.0496 shared_occ=0.9523 shared_height=0.4467 empty=0.0024
  epoch 38 step 800/888 loss=0.225820 noise=0.4756 lr=3.02e-05 shared_l1=0.0156 shared_mse=0.0540 shared_occ=0.9427 shared_height=0.4648 empty=0.0022
  epoch 39 step 100/888 loss=0.225252 noise=0.4617 lr=2.93e-05 shared_l1=0.0164 shared_mse=0.0623 shared_occ=0.9723 shared_height=0.4761 empty=0.0024
  epoch 39 step 200/888 loss=0.225957 noise=0.4789 lr=2.93e-05 shared_l1=0.0160 shared_mse=0.0612 shared_occ=0.9754 shared_height=0.4628 empty=0.0017
  epoch 39 step 300/888 loss=0.225662 noise=0.4965 lr=2.93e-05 shared_l1=0.0142 shared_mse=0.0487 shared_occ=1.0075 shared_height=0.4541 empty=0.0033
  epoch 39 step 400/888 loss=0.225721 noise=0.4646 lr=2.93e-05 shared_l1=0.0152 shared_mse=0.0539 shared_occ=0.8992 shared_height=0.4550 empty=0.0018
  epoch 39 step 500/888 loss=0.225645 noise=0.4742 lr=2.93e-05 shared_l1=0.0142 shared_mse=0.0549 shared_occ=0.8289 shared_height=0.4374 empty=0.0018
  epoch 39 step 600/888 loss=0.225767 noise=0.4771 lr=2.93e-05 shared_l1=0.0162 shared_mse=0.0591 shared_occ=0.9588 shared_height=0.4375 empty=0.0021
  epoch 39 step 700/888 loss=0.225846 noise=0.4758 lr=2.93e-05 shared_l1=0.0144 shared_mse=0.0535 shared_occ=0.9340 shared_height=0.4527 empty=0.0028
  epoch 39 step 800/888 loss=0.225699 noise=0.5093 lr=2.93e-05 shared_l1=0.0131 shared_mse=0.0409 shared_occ=0.8625 shared_height=0.3759 empty=0.0032
  epoch 40 step 100/888 loss=0.224794 noise=0.4557 lr=2.84e-05 shared_l1=0.0137 shared_mse=0.0458 shared_occ=0.8518 shared_height=0.3960 empty=0.0030
  epoch 40 step 200/888 loss=0.224823 noise=0.5114 lr=2.84e-05 shared_l1=0.0135 shared_mse=0.0408 shared_occ=0.9537 shared_height=0.3792 empty=0.0039
  epoch 40 step 300/888 loss=0.224872 noise=0.4820 lr=2.84e-05 shared_l1=0.0134 shared_mse=0.0434 shared_occ=0.9727 shared_height=0.3919 empty=0.0040
  epoch 40 step 400/888 loss=0.225262 noise=0.4821 lr=2.84e-05 shared_l1=0.0148 shared_mse=0.0556 shared_occ=0.9131 shared_height=0.4199 empty=0.0026
  epoch 40 step 500/888 loss=0.225021 noise=0.4667 lr=2.84e-05 shared_l1=0.0138 shared_mse=0.0479 shared_occ=0.8506 shared_height=0.4448 empty=0.0024
  epoch 40 step 600/888 loss=0.225061 noise=0.4661 lr=2.84e-05 shared_l1=0.0156 shared_mse=0.0631 shared_occ=1.0084 shared_height=0.4789 empty=0.0023
  epoch 40 step 700/888 loss=0.225059 noise=0.4727 lr=2.84e-05 shared_l1=0.0138 shared_mse=0.0425 shared_occ=0.8924 shared_height=0.3966 empty=0.0035
  epoch 40 step 800/888 loss=0.224978 noise=0.4916 lr=2.84e-05 shared_l1=0.0142 shared_mse=0.0437 shared_occ=0.9161 shared_height=0.3932 empty=0.0030
  epoch 40 done | val IoU=0.0447 prec=0.0447 rec=0.9979 val RMSE=0.837985 fusedPSNR=10.15 predOcc=0.998 emptyFP=0.998
  epoch 41 step 100/888 loss=0.224662 noise=0.5230 lr=2.75e-05 shared_l1=0.0139 shared_mse=0.0381 shared_occ=1.0804 shared_height=0.3473 empty=0.0054
  epoch 41 step 200/888 loss=0.225181 noise=0.4914 lr=2.75e-05 shared_l1=0.0152 shared_mse=0.0480 shared_occ=1.0501 shared_height=0.4252 empty=0.0038
  epoch 41 step 300/888 loss=0.224881 noise=0.4806 lr=2.75e-05 shared_l1=0.0143 shared_mse=0.0474 shared_occ=0.8875 shared_height=0.4024 empty=0.0026
  epoch 41 step 400/888 loss=0.224844 noise=0.4716 lr=2.75e-05 shared_l1=0.0149 shared_mse=0.0556 shared_occ=0.9490 shared_height=0.4508 empty=0.0020
  epoch 41 step 500/888 loss=0.224742 noise=0.4802 lr=2.75e-05 shared_l1=0.0169 shared_mse=0.0581 shared_occ=1.1153 shared_height=0.4779 empty=0.0026
  epoch 41 step 600/888 loss=0.224470 noise=0.5025 lr=2.75e-05 shared_l1=0.0136 shared_mse=0.0425 shared_occ=0.9469 shared_height=0.4110 empty=0.0032
  epoch 41 step 700/888 loss=0.224358 noise=0.4892 lr=2.75e-05 shared_l1=0.0136 shared_mse=0.0449 shared_occ=0.9636 shared_height=0.4130 empty=0.0040
  epoch 41 step 800/888 loss=0.224281 noise=0.4818 lr=2.75e-05 shared_l1=0.0145 shared_mse=0.0455 shared_occ=0.8844 shared_height=0.3920 empty=0.0025
  epoch 42 step 100/888 loss=0.224567 noise=0.4781 lr=2.66e-05 shared_l1=0.0156 shared_mse=0.0549 shared_occ=0.9990 shared_height=0.4565 empty=0.0024
  epoch 42 step 200/888 loss=0.223753 noise=0.4966 lr=2.66e-05 shared_l1=0.0141 shared_mse=0.0393 shared_occ=0.9967 shared_height=0.3886 empty=0.0039
  epoch 42 step 300/888 loss=0.223695 noise=0.4790 lr=2.66e-05 shared_l1=0.0145 shared_mse=0.0556 shared_occ=0.9584 shared_height=0.4507 empty=0.0031
  epoch 42 step 400/888 loss=0.223652 noise=0.4996 lr=2.66e-05 shared_l1=0.0126 shared_mse=0.0377 shared_occ=0.9413 shared_height=0.3575 empty=0.0042
  epoch 42 step 500/888 loss=0.223439 noise=0.4564 lr=2.66e-05 shared_l1=0.0143 shared_mse=0.0490 shared_occ=0.7992 shared_height=0.4185 empty=0.0022
  epoch 42 step 600/888 loss=0.223288 noise=0.4595 lr=2.66e-05 shared_l1=0.0151 shared_mse=0.0547 shared_occ=0.9469 shared_height=0.4650 empty=0.0021
  epoch 42 step 700/888 loss=0.223341 noise=0.4807 lr=2.66e-05 shared_l1=0.0140 shared_mse=0.0409 shared_occ=1.1717 shared_height=0.3664 empty=0.0056
  epoch 42 step 800/888 loss=0.223304 noise=0.5099 lr=2.66e-05 shared_l1=0.0131 shared_mse=0.0383 shared_occ=0.8695 shared_height=0.3455 empty=0.0035
  epoch 43 step 100/888 loss=0.225642 noise=0.4955 lr=2.57e-05 shared_l1=0.0143 shared_mse=0.0369 shared_occ=1.0307 shared_height=0.3763 empty=0.0044
  epoch 43 step 200/888 loss=0.224889 noise=0.4821 lr=2.57e-05 shared_l1=0.0140 shared_mse=0.0495 shared_occ=0.9524 shared_height=0.4148 empty=0.0034
  epoch 43 step 300/888 loss=0.224449 noise=0.4568 lr=2.57e-05 shared_l1=0.0130 shared_mse=0.0466 shared_occ=0.8494 shared_height=0.4112 empty=0.0020
  epoch 43 step 400/888 loss=0.224188 noise=0.4713 lr=2.57e-05 shared_l1=0.0127 shared_mse=0.0430 shared_occ=0.7704 shared_height=0.3709 empty=0.0023
  epoch 43 step 500/888 loss=0.224151 noise=0.4838 lr=2.57e-05 shared_l1=0.0143 shared_mse=0.0452 shared_occ=0.9133 shared_height=0.3752 empty=0.0027
  epoch 43 step 600/888 loss=0.224061 noise=0.5251 lr=2.57e-05 shared_l1=0.0127 shared_mse=0.0372 shared_occ=0.9282 shared_height=0.3874 empty=0.0032
  epoch 43 step 700/888 loss=0.224147 noise=0.4873 lr=2.57e-05 shared_l1=0.0141 shared_mse=0.0500 shared_occ=0.9145 shared_height=0.4256 empty=0.0026
  epoch 43 step 800/888 loss=0.224169 noise=0.5150 lr=2.57e-05 shared_l1=0.0127 shared_mse=0.0353 shared_occ=1.0088 shared_height=0.3330 empty=0.0053
  epoch 44 step 100/888 loss=0.224097 noise=0.4722 lr=2.48e-05 shared_l1=0.0154 shared_mse=0.0554 shared_occ=0.9673 shared_height=0.4413 empty=0.0025
  epoch 44 step 200/888 loss=0.223747 noise=0.5306 lr=2.48e-05 shared_l1=0.0113 shared_mse=0.0339 shared_occ=0.7727 shared_height=0.3243 empty=0.0032
  epoch 44 step 300/888 loss=0.223694 noise=0.4714 lr=2.48e-05 shared_l1=0.0142 shared_mse=0.0494 shared_occ=0.9202 shared_height=0.4358 empty=0.0025
  epoch 44 step 400/888 loss=0.223657 noise=0.4784 lr=2.48e-05 shared_l1=0.0152 shared_mse=0.0485 shared_occ=0.9641 shared_height=0.4068 empty=0.0028
  epoch 44 step 500/888 loss=0.223537 noise=0.4949 lr=2.48e-05 shared_l1=0.0140 shared_mse=0.0535 shared_occ=0.8775 shared_height=0.4280 empty=0.0028
  epoch 44 step 600/888 loss=0.223550 noise=0.4758 lr=2.48e-05 shared_l1=0.0140 shared_mse=0.0456 shared_occ=0.8524 shared_height=0.4142 empty=0.0029
  epoch 44 step 700/888 loss=0.223578 noise=0.4863 lr=2.48e-05 shared_l1=0.0137 shared_mse=0.0391 shared_occ=1.1170 shared_height=0.3854 empty=0.0055
  epoch 44 step 800/888 loss=0.223374 noise=0.4965 lr=2.48e-05 shared_l1=0.0135 shared_mse=0.0477 shared_occ=0.8711 shared_height=0.3927 empty=0.0027
  epoch 45 step 100/888 loss=0.223261 noise=0.5058 lr=2.39e-05 shared_l1=0.0137 shared_mse=0.0414 shared_occ=0.9691 shared_height=0.3805 empty=0.0037
  epoch 45 step 200/888 loss=0.222939 noise=0.4950 lr=2.39e-05 shared_l1=0.0139 shared_mse=0.0425 shared_occ=0.9151 shared_height=0.3734 empty=0.0033
  epoch 45 step 300/888 loss=0.222866 noise=0.4865 lr=2.39e-05 shared_l1=0.0133 shared_mse=0.0432 shared_occ=0.8424 shared_height=0.3534 empty=0.0033
  epoch 45 step 400/888 loss=0.222753 noise=0.4951 lr=2.39e-05 shared_l1=0.0128 shared_mse=0.0391 shared_occ=0.8062 shared_height=0.3271 empty=0.0033
  epoch 45 step 500/888 loss=0.222627 noise=0.4863 lr=2.39e-05 shared_l1=0.0135 shared_mse=0.0420 shared_occ=1.0070 shared_height=0.3772 empty=0.0046
  epoch 45 step 600/888 loss=0.222754 noise=0.4678 lr=2.39e-05 shared_l1=0.0151 shared_mse=0.0547 shared_occ=0.9536 shared_height=0.4418 empty=0.0023
  epoch 45 step 700/888 loss=0.222998 noise=0.4676 lr=2.39e-05 shared_l1=0.0162 shared_mse=0.0602 shared_occ=1.0073 shared_height=0.4644 empty=0.0017
  epoch 45 step 800/888 loss=0.223005 noise=0.5050 lr=2.39e-05 shared_l1=0.0138 shared_mse=0.0488 shared_occ=0.9128 shared_height=0.4308 empty=0.0026
  epoch 45 done | val IoU=0.0447 prec=0.0447 rec=0.9982 val RMSE=0.813428 fusedPSNR=10.41 predOcc=0.998 emptyFP=0.998
  epoch 46 step 100/888 loss=0.223726 noise=0.4744 lr=2.30e-05 shared_l1=0.0152 shared_mse=0.0513 shared_occ=0.9303 shared_height=0.4350 empty=0.0024
  epoch 46 step 200/888 loss=0.223397 noise=0.4647 lr=2.30e-05 shared_l1=0.0145 shared_mse=0.0475 shared_occ=0.9275 shared_height=0.4255 empty=0.0033
  epoch 46 step 300/888 loss=0.222818 noise=0.4695 lr=2.30e-05 shared_l1=0.0148 shared_mse=0.0571 shared_occ=0.8315 shared_height=0.4452 empty=0.0016
  epoch 46 step 400/888 loss=0.222969 noise=0.5216 lr=2.30e-05 shared_l1=0.0113 shared_mse=0.0362 shared_occ=0.7948 shared_height=0.3073 empty=0.0038
  epoch 46 step 500/888 loss=0.223063 noise=0.4903 lr=2.30e-05 shared_l1=0.0136 shared_mse=0.0419 shared_occ=0.9547 shared_height=0.3881 empty=0.0034
  epoch 46 step 600/888 loss=0.222834 noise=0.4723 lr=2.30e-05 shared_l1=0.0143 shared_mse=0.0573 shared_occ=0.9733 shared_height=0.4765 empty=0.0027
  epoch 46 step 700/888 loss=0.222607 noise=0.5195 lr=2.30e-05 shared_l1=0.0126 shared_mse=0.0370 shared_occ=1.0412 shared_height=0.3567 empty=0.0053
  epoch 46 step 800/888 loss=0.222658 noise=0.4652 lr=2.30e-05 shared_l1=0.0155 shared_mse=0.0605 shared_occ=0.9017 shared_height=0.4578 empty=0.0017
  epoch 47 step 100/888 loss=0.222122 noise=0.4947 lr=2.21e-05 shared_l1=0.0140 shared_mse=0.0427 shared_occ=0.9277 shared_height=0.3910 empty=0.0039
  epoch 47 step 200/888 loss=0.222958 noise=0.4630 lr=2.21e-05 shared_l1=0.0156 shared_mse=0.0552 shared_occ=0.8716 shared_height=0.4462 empty=0.0022
  epoch 47 step 300/888 loss=0.222707 noise=0.4937 lr=2.21e-05 shared_l1=0.0131 shared_mse=0.0473 shared_occ=0.8834 shared_height=0.4130 empty=0.0026
  epoch 47 step 400/888 loss=0.222654 noise=0.5124 lr=2.21e-05 shared_l1=0.0125 shared_mse=0.0397 shared_occ=0.9157 shared_height=0.3574 empty=0.0044
  epoch 47 step 500/888 loss=0.222588 noise=0.4524 lr=2.21e-05 shared_l1=0.0138 shared_mse=0.0490 shared_occ=0.8107 shared_height=0.4212 empty=0.0017
  epoch 47 step 600/888 loss=0.222536 noise=0.5162 lr=2.21e-05 shared_l1=0.0126 shared_mse=0.0435 shared_occ=0.7894 shared_height=0.3965 empty=0.0019
  epoch 47 step 700/888 loss=0.222489 noise=0.5028 lr=2.21e-05 shared_l1=0.0114 shared_mse=0.0410 shared_occ=0.6501 shared_height=0.3577 empty=0.0014
  epoch 47 step 800/888 loss=0.222648 noise=0.4886 lr=2.21e-05 shared_l1=0.0148 shared_mse=0.0449 shared_occ=0.9487 shared_height=0.4102 empty=0.0030
  epoch 48 step 100/888 loss=0.224068 noise=0.5169 lr=2.12e-05 shared_l1=0.0126 shared_mse=0.0418 shared_occ=0.9568 shared_height=0.3881 empty=0.0037
  epoch 48 step 200/888 loss=0.223280 noise=0.4585 lr=2.12e-05 shared_l1=0.0146 shared_mse=0.0546 shared_occ=0.8366 shared_height=0.4184 empty=0.0017
  epoch 48 step 300/888 loss=0.222970 noise=0.5085 lr=2.12e-05 shared_l1=0.0122 shared_mse=0.0426 shared_occ=0.9672 shared_height=0.3413 empty=0.0043
  epoch 48 step 400/888 loss=0.222623 noise=0.4528 lr=2.12e-05 shared_l1=0.0140 shared_mse=0.0499 shared_occ=0.7978 shared_height=0.4241 empty=0.0017
  epoch 48 step 500/888 loss=0.222523 noise=0.5229 lr=2.12e-05 shared_l1=0.0130 shared_mse=0.0374 shared_occ=0.9687 shared_height=0.3548 empty=0.0043
  epoch 48 step 600/888 loss=0.222556 noise=0.4681 lr=2.12e-05 shared_l1=0.0148 shared_mse=0.0550 shared_occ=0.8469 shared_height=0.4393 empty=0.0016
  epoch 48 step 700/888 loss=0.222415 noise=0.4845 lr=2.12e-05 shared_l1=0.0141 shared_mse=0.0450 shared_occ=0.9419 shared_height=0.4084 empty=0.0037
  epoch 48 step 800/888 loss=0.222299 noise=0.4803 lr=2.12e-05 shared_l1=0.0137 shared_mse=0.0450 shared_occ=0.9962 shared_height=0.4244 empty=0.0031
  epoch 49 step 100/888 loss=0.221075 noise=0.5384 lr=2.04e-05 shared_l1=0.0112 shared_mse=0.0363 shared_occ=0.7240 shared_height=0.2826 empty=0.0032
  epoch 49 step 200/888 loss=0.221330 noise=0.4888 lr=2.04e-05 shared_l1=0.0146 shared_mse=0.0450 shared_occ=0.9698 shared_height=0.3951 empty=0.0034
  epoch 49 step 300/888 loss=0.221607 noise=0.4696 lr=2.04e-05 shared_l1=0.0153 shared_mse=0.0518 shared_occ=0.8541 shared_height=0.4142 empty=0.0018
  epoch 49 step 400/888 loss=0.221495 noise=0.5236 lr=2.04e-05 shared_l1=0.0127 shared_mse=0.0371 shared_occ=0.8883 shared_height=0.3070 empty=0.0041
  epoch 49 step 500/888 loss=0.221499 noise=0.4857 lr=2.04e-05 shared_l1=0.0146 shared_mse=0.0510 shared_occ=0.9151 shared_height=0.3892 empty=0.0027
  epoch 49 step 600/888 loss=0.221424 noise=0.5543 lr=2.04e-05 shared_l1=0.0113 shared_mse=0.0347 shared_occ=0.9896 shared_height=0.3166 empty=0.0051
  epoch 49 step 700/888 loss=0.221694 noise=0.4617 lr=2.04e-05 shared_l1=0.0140 shared_mse=0.0545 shared_occ=0.7762 shared_height=0.4324 empty=0.0013
  epoch 49 step 800/888 loss=0.221667 noise=0.4813 lr=2.04e-05 shared_l1=0.0134 shared_mse=0.0426 shared_occ=0.8468 shared_height=0.3867 empty=0.0029
  epoch 50 step 100/888 loss=0.222146 noise=0.4640 lr=1.95e-05 shared_l1=0.0142 shared_mse=0.0541 shared_occ=0.8476 shared_height=0.4380 empty=0.0017
  epoch 50 step 200/888 loss=0.221958 noise=0.5738 lr=1.95e-05 shared_l1=0.0098 shared_mse=0.0271 shared_occ=0.7195 shared_height=0.2515 empty=0.0038
  epoch 50 step 300/888 loss=0.221779 noise=0.5014 lr=1.95e-05 shared_l1=0.0134 shared_mse=0.0390 shared_occ=1.2805 shared_height=0.3194 empty=0.0070
  epoch 50 step 400/888 loss=0.221970 noise=0.5197 lr=1.95e-05 shared_l1=0.0120 shared_mse=0.0398 shared_occ=0.8178 shared_height=0.3494 empty=0.0035
  epoch 50 step 500/888 loss=0.222004 noise=0.4585 lr=1.95e-05 shared_l1=0.0166 shared_mse=0.0681 shared_occ=1.0119 shared_height=0.4849 empty=0.0019
  epoch 50 step 600/888 loss=0.221842 noise=0.4667 lr=1.95e-05 shared_l1=0.0145 shared_mse=0.0534 shared_occ=0.8212 shared_height=0.4202 empty=0.0019
  epoch 50 step 700/888 loss=0.221623 noise=0.4692 lr=1.95e-05 shared_l1=0.0160 shared_mse=0.0632 shared_occ=0.9422 shared_height=0.4715 empty=0.0017
  epoch 50 step 800/888 loss=0.221580 noise=0.4989 lr=1.95e-05 shared_l1=0.0137 shared_mse=0.0458 shared_occ=0.9201 shared_height=0.3961 empty=0.0032
  epoch 50 done | val IoU=0.0447 prec=0.0447 rec=0.9991 val RMSE=0.796962 fusedPSNR=10.59 predOcc=0.999 emptyFP=0.999
  epoch 51 step 100/888 loss=0.223270 noise=0.4640 lr=1.87e-05 shared_l1=0.0132 shared_mse=0.0466 shared_occ=0.8412 shared_height=0.4148 empty=0.0019
  epoch 51 step 200/888 loss=0.222183 noise=0.4780 lr=1.87e-05 shared_l1=0.0125 shared_mse=0.0430 shared_occ=0.8425 shared_height=0.3779 empty=0.0036
  epoch 51 step 300/888 loss=0.221724 noise=0.4854 lr=1.87e-05 shared_l1=0.0136 shared_mse=0.0487 shared_occ=0.9638 shared_height=0.4143 empty=0.0031
  epoch 51 step 400/888 loss=0.221781 noise=0.5040 lr=1.87e-05 shared_l1=0.0126 shared_mse=0.0333 shared_occ=0.9068 shared_height=0.3663 empty=0.0040
  epoch 51 step 500/888 loss=0.221502 noise=0.4824 lr=1.87e-05 shared_l1=0.0150 shared_mse=0.0464 shared_occ=0.9853 shared_height=0.4266 empty=0.0034
  epoch 51 step 600/888 loss=0.221561 noise=0.5238 lr=1.87e-05 shared_l1=0.0132 shared_mse=0.0407 shared_occ=0.8685 shared_height=0.3586 empty=0.0028
  epoch 51 step 700/888 loss=0.221578 noise=0.4532 lr=1.87e-05 shared_l1=0.0156 shared_mse=0.0619 shared_occ=1.0676 shared_height=0.4319 empty=0.0031
  epoch 51 step 800/888 loss=0.221497 noise=0.4969 lr=1.87e-05 shared_l1=0.0132 shared_mse=0.0512 shared_occ=0.7065 shared_height=0.3925 empty=0.0014
  epoch 52 step 100/888 loss=0.222077 noise=0.5370 lr=1.79e-05 shared_l1=0.0120 shared_mse=0.0430 shared_occ=0.8420 shared_height=0.3401 empty=0.0036
  epoch 52 step 200/888 loss=0.221944 noise=0.4711 lr=1.79e-05 shared_l1=0.0143 shared_mse=0.0530 shared_occ=0.9120 shared_height=0.4397 empty=0.0027
  epoch 52 step 300/888 loss=0.221600 noise=0.4538 lr=1.79e-05 shared_l1=0.0152 shared_mse=0.0587 shared_occ=0.9007 shared_height=0.4516 empty=0.0014
  epoch 52 step 400/888 loss=0.221723 noise=0.5173 lr=1.79e-05 shared_l1=0.0131 shared_mse=0.0454 shared_occ=1.0160 shared_height=0.4070 empty=0.0038
  epoch 52 step 500/888 loss=0.221642 noise=0.4691 lr=1.79e-05 shared_l1=0.0142 shared_mse=0.0502 shared_occ=0.8207 shared_height=0.4285 empty=0.0019
  epoch 52 step 600/888 loss=0.221462 noise=0.4718 lr=1.79e-05 shared_l1=0.0143 shared_mse=0.0520 shared_occ=0.8615 shared_height=0.4444 empty=0.0017
  epoch 52 step 700/888 loss=0.221334 noise=0.5095 lr=1.79e-05 shared_l1=0.0139 shared_mse=0.0437 shared_occ=0.9001 shared_height=0.3682 empty=0.0027
  epoch 52 step 800/888 loss=0.221433 noise=0.4725 lr=1.79e-05 shared_l1=0.0145 shared_mse=0.0405 shared_occ=0.9608 shared_height=0.3720 empty=0.0041
  epoch 53 step 100/888 loss=0.219318 noise=0.4673 lr=1.70e-05 shared_l1=0.0145 shared_mse=0.0511 shared_occ=0.8573 shared_height=0.4221 empty=0.0019
  epoch 53 step 200/888 loss=0.219862 noise=0.4748 lr=1.70e-05 shared_l1=0.0136 shared_mse=0.0450 shared_occ=0.8492 shared_height=0.3948 empty=0.0028
  epoch 53 step 300/888 loss=0.220314 noise=0.4717 lr=1.70e-05 shared_l1=0.0146 shared_mse=0.0429 shared_occ=0.9225 shared_height=0.3843 empty=0.0029
  epoch 53 step 400/888 loss=0.220664 noise=0.4809 lr=1.70e-05 shared_l1=0.0130 shared_mse=0.0438 shared_occ=0.8982 shared_height=0.3973 empty=0.0028
  epoch 53 step 500/888 loss=0.220373 noise=0.4688 lr=1.70e-05 shared_l1=0.0142 shared_mse=0.0467 shared_occ=0.8937 shared_height=0.4056 empty=0.0031
  epoch 53 step 600/888 loss=0.220332 noise=0.4556 lr=1.70e-05 shared_l1=0.0145 shared_mse=0.0555 shared_occ=0.8193 shared_height=0.4344 empty=0.0016
  epoch 53 step 700/888 loss=0.220281 noise=0.4595 lr=1.70e-05 shared_l1=0.0148 shared_mse=0.0554 shared_occ=0.9167 shared_height=0.4461 empty=0.0022
  epoch 53 step 800/888 loss=0.220258 noise=0.4894 lr=1.70e-05 shared_l1=0.0137 shared_mse=0.0452 shared_occ=0.8964 shared_height=0.3947 empty=0.0031
  epoch 54 step 100/888 loss=0.220559 noise=0.4658 lr=1.63e-05 shared_l1=0.0131 shared_mse=0.0537 shared_occ=0.7362 shared_height=0.4255 empty=0.0017
  epoch 54 step 200/888 loss=0.219835 noise=0.4635 lr=1.63e-05 shared_l1=0.0156 shared_mse=0.0595 shared_occ=0.8945 shared_height=0.4301 empty=0.0019
  epoch 54 step 300/888 loss=0.219897 noise=0.5047 lr=1.63e-05 shared_l1=0.0120 shared_mse=0.0360 shared_occ=0.9244 shared_height=0.3499 empty=0.0044
  epoch 54 step 400/888 loss=0.220101 noise=0.4683 lr=1.63e-05 shared_l1=0.0146 shared_mse=0.0526 shared_occ=0.8354 shared_height=0.4102 empty=0.0018
  epoch 54 step 500/888 loss=0.220090 noise=0.5092 lr=1.63e-05 shared_l1=0.0114 shared_mse=0.0341 shared_occ=0.7902 shared_height=0.3431 empty=0.0035
  epoch 54 step 600/888 loss=0.220114 noise=0.4620 lr=1.63e-05 shared_l1=0.0143 shared_mse=0.0522 shared_occ=0.8529 shared_height=0.4123 empty=0.0021
  epoch 54 step 700/888 loss=0.219960 noise=0.4851 lr=1.63e-05 shared_l1=0.0126 shared_mse=0.0333 shared_occ=0.9690 shared_height=0.3487 empty=0.0048
  epoch 54 step 800/888 loss=0.219963 noise=0.5426 lr=1.63e-05 shared_l1=0.0119 shared_mse=0.0397 shared_occ=0.8295 shared_height=0.3594 empty=0.0031
  epoch 55 step 100/888 loss=0.221787 noise=0.4736 lr=1.55e-05 shared_l1=0.0151 shared_mse=0.0510 shared_occ=0.9763 shared_height=0.4403 empty=0.0023
  epoch 55 step 200/888 loss=0.221083 noise=0.4961 lr=1.55e-05 shared_l1=0.0125 shared_mse=0.0404 shared_occ=0.8140 shared_height=0.3599 empty=0.0031
  epoch 55 step 300/888 loss=0.221249 noise=0.4808 lr=1.55e-05 shared_l1=0.0137 shared_mse=0.0482 shared_occ=0.9451 shared_height=0.4077 empty=0.0033
  epoch 55 step 400/888 loss=0.220988 noise=0.4749 lr=1.55e-05 shared_l1=0.0148 shared_mse=0.0484 shared_occ=0.9188 shared_height=0.4105 empty=0.0022
  epoch 55 step 500/888 loss=0.220770 noise=0.4905 lr=1.55e-05 shared_l1=0.0129 shared_mse=0.0375 shared_occ=0.9962 shared_height=0.3611 empty=0.0042
  epoch 55 step 600/888 loss=0.220822 noise=0.4878 lr=1.55e-05 shared_l1=0.0122 shared_mse=0.0413 shared_occ=0.8428 shared_height=0.3554 empty=0.0029
  epoch 55 step 700/888 loss=0.220793 noise=0.4644 lr=1.55e-05 shared_l1=0.0151 shared_mse=0.0653 shared_occ=0.9125 shared_height=0.4690 empty=0.0016
  epoch 55 step 800/888 loss=0.220814 noise=0.4650 lr=1.55e-05 shared_l1=0.0140 shared_mse=0.0492 shared_occ=0.8495 shared_height=0.4195 empty=0.0017
  epoch 55 done | val IoU=0.0447 prec=0.0447 rec=0.9991 val RMSE=0.752076 fusedPSNR=11.09 predOcc=0.999 emptyFP=0.999
  epoch 56 step 100/888 loss=0.219232 noise=0.4710 lr=1.47e-05 shared_l1=0.0164 shared_mse=0.0561 shared_occ=1.0269 shared_height=0.4342 empty=0.0020
  epoch 56 step 200/888 loss=0.220109 noise=0.4511 lr=1.47e-05 shared_l1=0.0143 shared_mse=0.0493 shared_occ=0.9132 shared_height=0.4066 empty=0.0027
  epoch 56 step 300/888 loss=0.220202 noise=0.5157 lr=1.47e-05 shared_l1=0.0121 shared_mse=0.0413 shared_occ=0.9123 shared_height=0.3571 empty=0.0039
  epoch 56 step 400/888 loss=0.220311 noise=0.4524 lr=1.47e-05 shared_l1=0.0146 shared_mse=0.0558 shared_occ=0.7921 shared_height=0.4199 empty=0.0011
  epoch 56 step 500/888 loss=0.220513 noise=0.4609 lr=1.47e-05 shared_l1=0.0155 shared_mse=0.0526 shared_occ=0.9267 shared_height=0.4517 empty=0.0024
  epoch 56 step 600/888 loss=0.220341 noise=0.4554 lr=1.47e-05 shared_l1=0.0152 shared_mse=0.0506 shared_occ=0.8797 shared_height=0.4332 empty=0.0015
  epoch 56 step 700/888 loss=0.220501 noise=0.4741 lr=1.47e-05 shared_l1=0.0137 shared_mse=0.0451 shared_occ=0.8783 shared_height=0.4030 empty=0.0027
  epoch 56 step 800/888 loss=0.220435 noise=0.4940 lr=1.47e-05 shared_l1=0.0143 shared_mse=0.0531 shared_occ=0.9336 shared_height=0.3964 empty=0.0022
  epoch 57 step 100/888 loss=0.220937 noise=0.4798 lr=1.40e-05 shared_l1=0.0144 shared_mse=0.0455 shared_occ=0.9275 shared_height=0.4030 empty=0.0037
  epoch 57 step 200/888 loss=0.220148 noise=0.5115 lr=1.40e-05 shared_l1=0.0135 shared_mse=0.0412 shared_occ=0.9625 shared_height=0.3530 empty=0.0038
  epoch 57 step 300/888 loss=0.219929 noise=0.4655 lr=1.40e-05 shared_l1=0.0145 shared_mse=0.0508 shared_occ=0.9188 shared_height=0.4445 empty=0.0025
  epoch 57 step 400/888 loss=0.220203 noise=0.4504 lr=1.40e-05 shared_l1=0.0130 shared_mse=0.0485 shared_occ=0.7246 shared_height=0.4210 empty=0.0016
  epoch 57 step 500/888 loss=0.219911 noise=0.5163 lr=1.40e-05 shared_l1=0.0118 shared_mse=0.0395 shared_occ=0.8022 shared_height=0.3120 empty=0.0034
  epoch 57 step 600/888 loss=0.219776 noise=0.5206 lr=1.40e-05 shared_l1=0.0133 shared_mse=0.0360 shared_occ=1.0016 shared_height=0.3417 empty=0.0047
  epoch 57 step 700/888 loss=0.219756 noise=0.4895 lr=1.40e-05 shared_l1=0.0117 shared_mse=0.0377 shared_occ=0.8791 shared_height=0.2967 empty=0.0043
  epoch 57 step 800/888 loss=0.219682 noise=0.5005 lr=1.40e-05 shared_l1=0.0124 shared_mse=0.0344 shared_occ=0.9803 shared_height=0.3062 empty=0.0046
  epoch 58 step 100/888 loss=0.217487 noise=0.4553 lr=1.33e-05 shared_l1=0.0145 shared_mse=0.0587 shared_occ=0.9586 shared_height=0.4371 empty=0.0023
  epoch 58 step 200/888 loss=0.218079 noise=0.4449 lr=1.33e-05 shared_l1=0.0140 shared_mse=0.0407 shared_occ=0.8314 shared_height=0.3904 empty=0.0028
  epoch 58 step 300/888 loss=0.218856 noise=0.4603 lr=1.33e-05 shared_l1=0.0145 shared_mse=0.0499 shared_occ=0.8184 shared_height=0.4368 empty=0.0018
  epoch 58 step 400/888 loss=0.219484 noise=0.4691 lr=1.33e-05 shared_l1=0.0144 shared_mse=0.0522 shared_occ=0.8541 shared_height=0.4132 empty=0.0019
  epoch 58 step 500/888 loss=0.219499 noise=0.4574 lr=1.33e-05 shared_l1=0.0146 shared_mse=0.0469 shared_occ=0.9017 shared_height=0.4006 empty=0.0019
  epoch 58 step 600/888 loss=0.219529 noise=0.4786 lr=1.33e-05 shared_l1=0.0140 shared_mse=0.0524 shared_occ=0.8860 shared_height=0.3787 empty=0.0021
  epoch 58 step 700/888 loss=0.219309 noise=0.4916 lr=1.33e-05 shared_l1=0.0142 shared_mse=0.0505 shared_occ=0.8865 shared_height=0.4102 empty=0.0026
  epoch 58 step 800/888 loss=0.219299 noise=0.4834 lr=1.33e-05 shared_l1=0.0130 shared_mse=0.0416 shared_occ=0.8744 shared_height=0.3553 empty=0.0031
  epoch 59 step 100/888 loss=0.218959 noise=0.5233 lr=1.26e-05 shared_l1=0.0117 shared_mse=0.0379 shared_occ=0.8819 shared_height=0.3449 empty=0.0035
  epoch 59 step 200/888 loss=0.220120 noise=0.4666 lr=1.26e-05 shared_l1=0.0161 shared_mse=0.0556 shared_occ=0.9538 shared_height=0.4443 empty=0.0017
  epoch 59 step 300/888 loss=0.219708 noise=0.4828 lr=1.26e-05 shared_l1=0.0136 shared_mse=0.0491 shared_occ=0.9510 shared_height=0.3808 empty=0.0028
  epoch 59 step 400/888 loss=0.219873 noise=0.4570 lr=1.26e-05 shared_l1=0.0146 shared_mse=0.0544 shared_occ=0.8449 shared_height=0.4547 empty=0.0016
  epoch 59 step 500/888 loss=0.219888 noise=0.5248 lr=1.26e-05 shared_l1=0.0131 shared_mse=0.0439 shared_occ=1.0387 shared_height=0.3896 empty=0.0043
  epoch 59 step 600/888 loss=0.219687 noise=0.5031 lr=1.26e-05 shared_l1=0.0125 shared_mse=0.0455 shared_occ=0.8192 shared_height=0.3848 empty=0.0021
  epoch 59 step 700/888 loss=0.219607 noise=0.4716 lr=1.26e-05 shared_l1=0.0162 shared_mse=0.0591 shared_occ=0.9837 shared_height=0.4380 empty=0.0021
  epoch 59 step 800/888 loss=0.219543 noise=0.4559 lr=1.26e-05 shared_l1=0.0142 shared_mse=0.0575 shared_occ=0.7792 shared_height=0.4146 empty=0.0013
  epoch 60 step 100/888 loss=0.219292 noise=0.4654 lr=1.19e-05 shared_l1=0.0139 shared_mse=0.0495 shared_occ=0.8626 shared_height=0.4207 empty=0.0022
  epoch 60 step 200/888 loss=0.219206 noise=0.5011 lr=1.19e-05 shared_l1=0.0145 shared_mse=0.0474 shared_occ=0.9013 shared_height=0.3749 empty=0.0024
  epoch 60 step 300/888 loss=0.219392 noise=0.5338 lr=1.19e-05 shared_l1=0.0126 shared_mse=0.0392 shared_occ=1.0354 shared_height=0.3769 empty=0.0049
  epoch 60 step 400/888 loss=0.219425 noise=0.4809 lr=1.19e-05 shared_l1=0.0135 shared_mse=0.0458 shared_occ=0.8240 shared_height=0.3874 empty=0.0023
  epoch 60 step 500/888 loss=0.219164 noise=0.4733 lr=1.19e-05 shared_l1=0.0134 shared_mse=0.0363 shared_occ=0.9029 shared_height=0.3346 empty=0.0036
  epoch 60 step 600/888 loss=0.219326 noise=0.4764 lr=1.19e-05 shared_l1=0.0151 shared_mse=0.0559 shared_occ=0.9007 shared_height=0.4282 empty=0.0016
  epoch 60 step 700/888 loss=0.219198 noise=0.4580 lr=1.19e-05 shared_l1=0.0146 shared_mse=0.0534 shared_occ=0.8638 shared_height=0.4158 empty=0.0021
  epoch 60 step 800/888 loss=0.219199 noise=0.4660 lr=1.19e-05 shared_l1=0.0130 shared_mse=0.0412 shared_occ=0.8552 shared_height=0.3813 empty=0.0032
  epoch 60 done | val IoU=0.0447 prec=0.0447 rec=0.9994 val RMSE=0.730949 fusedPSNR=11.34 predOcc=0.999 emptyFP=0.999
  epoch 61 step 100/888 loss=0.217910 noise=0.4645 lr=1.13e-05 shared_l1=0.0152 shared_mse=0.0528 shared_occ=0.9974 shared_height=0.4185 empty=0.0023
  epoch 61 step 200/888 loss=0.218039 noise=0.4477 lr=1.13e-05 shared_l1=0.0141 shared_mse=0.0454 shared_occ=0.9481 shared_height=0.4126 empty=0.0027
  epoch 61 step 300/888 loss=0.218594 noise=0.4676 lr=1.13e-05 shared_l1=0.0156 shared_mse=0.0597 shared_occ=0.9809 shared_height=0.4389 empty=0.0021
  epoch 61 step 400/888 loss=0.218991 noise=0.4489 lr=1.13e-05 shared_l1=0.0150 shared_mse=0.0448 shared_occ=0.8597 shared_height=0.4004 empty=0.0016
  epoch 61 step 500/888 loss=0.219124 noise=0.4813 lr=1.13e-05 shared_l1=0.0135 shared_mse=0.0544 shared_occ=0.8515 shared_height=0.4230 empty=0.0021
  epoch 61 step 600/888 loss=0.219162 noise=0.5006 lr=1.13e-05 shared_l1=0.0131 shared_mse=0.0471 shared_occ=0.9218 shared_height=0.3864 empty=0.0031
  epoch 61 step 700/888 loss=0.219023 noise=0.4676 lr=1.13e-05 shared_l1=0.0156 shared_mse=0.0540 shared_occ=1.0749 shared_height=0.4516 empty=0.0029
  epoch 61 step 800/888 loss=0.219117 noise=0.4831 lr=1.13e-05 shared_l1=0.0161 shared_mse=0.0553 shared_occ=1.1491 shared_height=0.4379 empty=0.0036
  epoch 62 step 100/888 loss=0.219173 noise=0.4585 lr=1.07e-05 shared_l1=0.0136 shared_mse=0.0445 shared_occ=0.7777 shared_height=0.3773 empty=0.0022
  epoch 62 step 200/888 loss=0.219357 noise=0.4799 lr=1.07e-05 shared_l1=0.0137 shared_mse=0.0446 shared_occ=0.8918 shared_height=0.3843 empty=0.0026
  epoch 62 step 300/888 loss=0.220189 noise=0.4828 lr=1.07e-05 shared_l1=0.0151 shared_mse=0.0509 shared_occ=1.0893 shared_height=0.4279 empty=0.0034
  epoch 62 step 400/888 loss=0.219896 noise=0.4659 lr=1.07e-05 shared_l1=0.0152 shared_mse=0.0546 shared_occ=0.8946 shared_height=0.4031 empty=0.0017
  epoch 62 step 500/888 loss=0.219851 noise=0.4896 lr=1.07e-05 shared_l1=0.0145 shared_mse=0.0521 shared_occ=0.8851 shared_height=0.4213 empty=0.0021
  epoch 62 step 600/888 loss=0.219651 noise=0.4935 lr=1.07e-05 shared_l1=0.0139 shared_mse=0.0448 shared_occ=0.9492 shared_height=0.4074 empty=0.0032
  epoch 62 step 700/888 loss=0.219588 noise=0.4723 lr=1.07e-05 shared_l1=0.0161 shared_mse=0.0612 shared_occ=1.0702 shared_height=0.4586 empty=0.0027
  epoch 62 step 800/888 loss=0.219349 noise=0.4521 lr=1.07e-05 shared_l1=0.0140 shared_mse=0.0478 shared_occ=0.8481 shared_height=0.3925 empty=0.0021
